[2026-02-25 04:57:25] local.ERROR: Undefined array key "name" {"exception":"[object] (ErrorException(code: 0): Undefined array key \"name\" at C:\\xampp\\htdocs\\Shop\\vendor\\laravel\\framework\\src\\Illuminate\\Foundation\\PackageManifest.php:122)
[stacktrace]
#0 C:\\xampp\\htdocs\\Shop\\vendor\\laravel\\framework\\src\\Illuminate\\Foundation\\PackageManifest.php(122): Illuminate\\Foundation\\Bootstrap\\HandleExceptions->handleError(2, 'Undefined array...', 'C:\\\\xampp\\\\htdocs...', 122)
#1 C:\\xampp\\htdocs\\Shop\\vendor\\laravel\\framework\\src\\Illuminate\\Support\\Collection.php(1009): Illuminate\\Foundation\\PackageManifest->Illuminate\\Foundation\\{closure}(Array, 'packages')
#2 C:\\xampp\\htdocs\\Shop\\vendor\\laravel\\framework\\src\\Illuminate\\Foundation\\PackageManifest.php(121): Illuminate\\Support\\Collection->mapWithKeys(Object(Closure))
#3 C:\\xampp\\htdocs\\Shop\\vendor\\laravel\\framework\\src\\Illuminate\\Foundation\\PackageManifest.php(97): Illuminate\\Foundation\\PackageManifest->build()
#4 C:\\xampp\\htdocs\\Shop\\vendor\\laravel\\framework\\src\\Illuminate\\Foundation\\PackageManifest.php(80): Illuminate\\Foundation\\PackageManifest->getManifest()
#5 C:\\xampp\\htdocs\\Shop\\vendor\\laravel\\framework\\src\\Illuminate\\Foundation\\Bootstrap\\RegisterFacades.php(26): Illuminate\\Foundation\\PackageManifest->aliases()
#6 C:\\xampp\\htdocs\\Shop\\vendor\\laravel\\framework\\src\\Illuminate\\Foundation\\Application.php(206): Illuminate\\Foundation\\Bootstrap\\RegisterFacades->bootstrap(Object(Illuminate\\Foundation\\Application))
#7 C:\\xampp\\htdocs\\Shop\\vendor\\laravel\\framework\\src\\Illuminate\\Foundation\\Console\\Kernel.php(297): Illuminate\\Foundation\\Application->bootstrapWith(Array)
#8 C:\\xampp\\htdocs\\Shop\\vendor\\laravel\\framework\\src\\Illuminate\\Foundation\\Console\\Kernel.php(120): Illuminate\\Foundation\\Console\\Kernel->bootstrap()
#9 C:\\xampp\\htdocs\\Shop\\artisan(35): Illuminate\\Foundation\\Console\\Kernel->handle(Object(Symfony\\Component\\Console\\Input\\ArgvInput), Object(Symfony\\Component\\Console\\Output\\ConsoleOutput))
#10 {main}
"} 
[2026-02-25 04:57:45] local.ERROR: Undefined array key "name" {"exception":"[object] (ErrorException(code: 0): Undefined array key \"name\" at C:\\xampp\\htdocs\\Shop\\vendor\\laravel\\framework\\src\\Illuminate\\Foundation\\PackageManifest.php:122)
[stacktrace]
#0 C:\\xampp\\htdocs\\Shop\\vendor\\laravel\\framework\\src\\Illuminate\\Foundation\\PackageManifest.php(122): Illuminate\\Foundation\\Bootstrap\\HandleExceptions->handleError(2, 'Undefined array...', 'C:\\\\xampp\\\\htdocs...', 122)
#1 C:\\xampp\\htdocs\\Shop\\vendor\\laravel\\framework\\src\\Illuminate\\Support\\Collection.php(1009): Illuminate\\Foundation\\PackageManifest->Illuminate\\Foundation\\{closure}(Array, 'packages')
#2 C:\\xampp\\htdocs\\Shop\\vendor\\laravel\\framework\\src\\Illuminate\\Foundation\\PackageManifest.php(121): Illuminate\\Support\\Collection->mapWithKeys(Object(Closure))
#3 C:\\xampp\\htdocs\\Shop\\vendor\\laravel\\framework\\src\\Illuminate\\Foundation\\PackageManifest.php(97): Illuminate\\Foundation\\PackageManifest->build()
#4 C:\\xampp\\htdocs\\Shop\\vendor\\laravel\\framework\\src\\Illuminate\\Foundation\\PackageManifest.php(80): Illuminate\\Foundation\\PackageManifest->getManifest()
#5 C:\\xampp\\htdocs\\Shop\\vendor\\laravel\\framework\\src\\Illuminate\\Foundation\\Bootstrap\\RegisterFacades.php(26): Illuminate\\Foundation\\PackageManifest->aliases()
#6 C:\\xampp\\htdocs\\Shop\\vendor\\laravel\\framework\\src\\Illuminate\\Foundation\\Application.php(206): Illuminate\\Foundation\\Bootstrap\\RegisterFacades->bootstrap(Object(Illuminate\\Foundation\\Application))
#7 C:\\xampp\\htdocs\\Shop\\vendor\\laravel\\framework\\src\\Illuminate\\Foundation\\Console\\Kernel.php(297): Illuminate\\Foundation\\Application->bootstrapWith(Array)
#8 C:\\xampp\\htdocs\\Shop\\vendor\\laravel\\framework\\src\\Illuminate\\Foundation\\Console\\Kernel.php(120): Illuminate\\Foundation\\Console\\Kernel->bootstrap()
#9 C:\\xampp\\htdocs\\Shop\\artisan(35): Illuminate\\Foundation\\Console\\Kernel->handle(Object(Symfony\\Component\\Console\\Input\\ArgvInput), Object(Symfony\\Component\\Console\\Output\\ConsoleOutput))
#10 {main}
"} 
[2026-02-25 04:58:45] local.ERROR: Declaration of Doctrine\DBAL\Driver\PDOConnection::query() must be compatible with PDO::query(string $query, ?int $fetchMode = null, mixed ...$fetchModeArgs): PDOStatement|false {"exception":"[object] (Symfony\\Component\\Debug\\Exception\\FatalErrorException(code: 64): Declaration of Doctrine\\DBAL\\Driver\\PDOConnection::query() must be compatible with PDO::query(string $query, ?int $fetchMode = null, mixed ...$fetchModeArgs): PDOStatement|false at C:\\xampp\\htdocs\\Shop\\vendor\\doctrine\\dbal\\lib\\Doctrine\\DBAL\\Driver\\PDOConnection.php:89)
[stacktrace]
#0 {main}
"} 
[2026-02-25 05:00:06] local.ERROR: Declaration of Doctrine\DBAL\Driver\PDOConnection::query() must be compatible with PDO::query(string $query, ?int $fetchMode = null, mixed ...$fetchModeArgs): PDOStatement|false {"exception":"[object] (Symfony\\Component\\Debug\\Exception\\FatalErrorException(code: 64): Declaration of Doctrine\\DBAL\\Driver\\PDOConnection::query() must be compatible with PDO::query(string $query, ?int $fetchMode = null, mixed ...$fetchModeArgs): PDOStatement|false at C:\\xampp\\htdocs\\Shop\\vendor\\doctrine\\dbal\\lib\\Doctrine\\DBAL\\Driver\\PDOConnection.php:89)
[stacktrace]
#0 {main}
"} 
[2026-02-25 05:01:12] local.ERROR: Declaration of Doctrine\DBAL\Driver\PDOConnection::query($statement, $mode = PDO::ATTR_CURSOR_AS_SCROLL, $fetch_mode = null, ...$args) must be compatible with Doctrine\DBAL\Driver\Connection::query() {"exception":"[object] (Symfony\\Component\\Debug\\Exception\\FatalErrorException(code: 64): Declaration of Doctrine\\DBAL\\Driver\\PDOConnection::query($statement, $mode = PDO::ATTR_CURSOR_AS_SCROLL, $fetch_mode = null, ...$args) must be compatible with Doctrine\\DBAL\\Driver\\Connection::query() at C:\\xampp\\htdocs\\Shop\\vendor\\doctrine\\dbal\\lib\\Doctrine\\DBAL\\Driver\\PDOConnection.php:90)
[stacktrace]
#0 {main}
"} 
[2026-02-25 05:01:56] local.ERROR: Declaration of Doctrine\DBAL\Driver\PDOConnection::query($statement, $fetchMode = null, ...$fetchModeArgs) must be compatible with Doctrine\DBAL\Driver\Connection::query() {"exception":"[object] (Symfony\\Component\\Debug\\Exception\\FatalErrorException(code: 64): Declaration of Doctrine\\DBAL\\Driver\\PDOConnection::query($statement, $fetchMode = null, ...$fetchModeArgs) must be compatible with Doctrine\\DBAL\\Driver\\Connection::query() at C:\\xampp\\htdocs\\Shop\\vendor\\doctrine\\dbal\\lib\\Doctrine\\DBAL\\Driver\\PDOConnection.php:90)
[stacktrace]
#0 {main}
"} 
[2026-02-25 05:02:27] local.ERROR: Declaration of Doctrine\DBAL\Driver\DriverException::getMessage() must be compatible with Throwable::getMessage(): string {"exception":"[object] (Symfony\\Component\\Debug\\Exception\\FatalErrorException(code: 64): Declaration of Doctrine\\DBAL\\Driver\\DriverException::getMessage() must be compatible with Throwable::getMessage(): string at C:\\xampp\\htdocs\\Shop\\vendor\\doctrine\\dbal\\lib\\Doctrine\\DBAL\\Driver\\DriverException.php:49)
[stacktrace]
#0 {main}
"} 
[2026-02-25 05:05:50] local.ERROR: Declaration of Doctrine\DBAL\Driver\DriverException::getMessage() must be compatible with Throwable::getMessage(): string {"exception":"[object] (Symfony\\Component\\Debug\\Exception\\FatalErrorException(code: 64): Declaration of Doctrine\\DBAL\\Driver\\DriverException::getMessage() must be compatible with Throwable::getMessage(): string at C:\\xampp\\htdocs\\Shop\\vendor\\doctrine\\dbal\\lib\\Doctrine\\DBAL\\Driver\\DriverException.php:49)
[stacktrace]
#0 {main}
"} 
[2026-02-25 05:11:37] local.ERROR: Declaration of Doctrine\DBAL\Driver\DriverException::getMessage() must be compatible with Throwable::getMessage(): string {"exception":"[object] (Symfony\\Component\\Debug\\Exception\\FatalErrorException(code: 64): Declaration of Doctrine\\DBAL\\Driver\\DriverException::getMessage() must be compatible with Throwable::getMessage(): string at C:\\xampp\\htdocs\\Shop\\vendor\\doctrine\\dbal\\lib\\Doctrine\\DBAL\\Driver\\DriverException.php:49)
[stacktrace]
#0 {main}
"} 
[2026-02-25 05:15:45] local.ERROR: Declaration of Doctrine\DBAL\Driver\DriverException::getMessage() must be compatible with Throwable::getMessage(): string {"exception":"[object] (Symfony\\Component\\Debug\\Exception\\FatalErrorException(code: 64): Declaration of Doctrine\\DBAL\\Driver\\DriverException::getMessage() must be compatible with Throwable::getMessage(): string at C:\\xampp\\htdocs\\Shop\\vendor\\doctrine\\dbal\\lib\\Doctrine\\DBAL\\Driver\\DriverException.php:49)
[stacktrace]
#0 {main}
"} 
[2026-02-25 05:26:18] local.ERROR: Declaration of Doctrine\DBAL\Driver\DriverException::getMessage() must be compatible with Throwable::getMessage(): string {"exception":"[object] (Symfony\\Component\\Debug\\Exception\\FatalErrorException(code: 64): Declaration of Doctrine\\DBAL\\Driver\\DriverException::getMessage() must be compatible with Throwable::getMessage(): string at C:\\xampp\\htdocs\\Shop\\vendor\\doctrine\\dbal\\lib\\Doctrine\\DBAL\\Driver\\DriverException.php:49)
[stacktrace]
#0 {main}
"} 
[2026-02-25 05:28:25] local.ERROR: Declaration of Doctrine\DBAL\Driver\DriverException::getMessage() must be compatible with Throwable::getMessage(): string {"exception":"[object] (Symfony\\Component\\Debug\\Exception\\FatalErrorException(code: 64): Declaration of Doctrine\\DBAL\\Driver\\DriverException::getMessage() must be compatible with Throwable::getMessage(): string at C:\\xampp\\htdocs\\Shop\\vendor\\doctrine\\dbal\\lib\\Doctrine\\DBAL\\Driver\\DriverException.php:49)
[stacktrace]
#0 {main}
"} 
[2026-02-25 05:30:38] local.ERROR: Declaration of Doctrine\DBAL\Driver\DriverException::getMessage() must be compatible with Throwable::getMessage(): string {"exception":"[object] (Symfony\\Component\\Debug\\Exception\\FatalErrorException(code: 64): Declaration of Doctrine\\DBAL\\Driver\\DriverException::getMessage() must be compatible with Throwable::getMessage(): string at C:\\xampp\\htdocs\\Shop\\vendor\\doctrine\\dbal\\lib\\Doctrine\\DBAL\\Driver\\DriverException.php:49)
[stacktrace]
#0 {main}
"} 
[2026-02-25 05:33:08] local.ERROR: SQLSTATE[42S02]: Base table or view not found: 1146 Table 'lsms.languages' doesn't exist (SQL: select * from `languages` order by `created_at` desc limit 1) {"exception":"[object] (Illuminate\\Database\\QueryException(code: 42S02): SQLSTATE[42S02]: Base table or view not found: 1146 Table 'lsms.languages' doesn't exist (SQL: select * from `languages` order by `created_at` desc limit 1) at C:\\xampp\\htdocs\\Shop\\vendor\\laravel\\framework\\src\\Illuminate\\Database\\Connection.php:664, Doctrine\\DBAL\\Driver\\PDOException(code: 42S02): SQLSTATE[42S02]: Base table or view not found: 1146 Table 'lsms.languages' doesn't exist at C:\\xampp\\htdocs\\Shop\\vendor\\doctrine\\dbal\\lib\\Doctrine\\DBAL\\Driver\\PDOConnection.php:84, PDOException(code: 42S02): SQLSTATE[42S02]: Base table or view not found: 1146 Table 'lsms.languages' doesn't exist at C:\\xampp\\htdocs\\Shop\\vendor\\doctrine\\dbal\\lib\\Doctrine\\DBAL\\Driver\\PDOConnection.php:82)
[stacktrace]
#0 C:\\xampp\\htdocs\\Shop\\vendor\\laravel\\framework\\src\\Illuminate\\Database\\Connection.php(624): Illuminate\\Database\\Connection->runQueryCallback('select * from `...', Array, Object(Closure))
#1 C:\\xampp\\htdocs\\Shop\\vendor\\laravel\\framework\\src\\Illuminate\\Database\\Connection.php(317): Illuminate\\Database\\Connection->run('select * from `...', Array, Object(Closure))
#2 C:\\xampp\\htdocs\\Shop\\vendor\\laravel\\framework\\src\\Illuminate\\Database\\Query\\Builder.php(1962): Illuminate\\Database\\Connection->select('select * from `...', Array, true)
#3 C:\\xampp\\htdocs\\Shop\\vendor\\laravel\\framework\\src\\Illuminate\\Database\\Query\\Builder.php(1951): Illuminate\\Database\\Query\\Builder->runSelect()
#4 C:\\xampp\\htdocs\\Shop\\vendor\\laravel\\framework\\src\\Illuminate\\Database\\Query\\Builder.php(2435): Illuminate\\Database\\Query\\Builder->Illuminate\\Database\\Query\\{closure}()
#5 C:\\xampp\\htdocs\\Shop\\vendor\\laravel\\framework\\src\\Illuminate\\Database\\Query\\Builder.php(1950): Illuminate\\Database\\Query\\Builder->onceWithColumns(Array, Object(Closure))
#6 C:\\xampp\\htdocs\\Shop\\vendor\\laravel\\framework\\src\\Illuminate\\Database\\Concerns\\BuildsQueries.php(77): Illuminate\\Database\\Query\\Builder->get(Array)
#7 C:\\xampp\\htdocs\\Shop\\app\\Providers\\AppServiceProvider.php(30): Illuminate\\Database\\Query\\Builder->first()
#8 [internal function]: App\\Providers\\AppServiceProvider->boot()
#9 C:\\xampp\\htdocs\\Shop\\vendor\\laravel\\framework\\src\\Illuminate\\Container\\BoundMethod.php(28): call_user_func_array(Array, Array)
#10 C:\\xampp\\htdocs\\Shop\\vendor\\laravel\\framework\\src\\Illuminate\\Container\\BoundMethod.php(87): Illuminate\\Container\\BoundMethod::Illuminate\\Container\\{closure}()
#11 C:\\xampp\\htdocs\\Shop\\vendor\\laravel\\framework\\src\\Illuminate\\Container\\BoundMethod.php(27): Illuminate\\Container\\BoundMethod::callBoundMethod(Object(Illuminate\\Foundation\\Application), Array, Object(Closure))
#12 C:\\xampp\\htdocs\\Shop\\vendor\\laravel\\framework\\src\\Illuminate\\Container\\Container.php(564): Illuminate\\Container\\BoundMethod::call(Object(Illuminate\\Foundation\\Application), Array, Array, NULL)
#13 C:\\xampp\\htdocs\\Shop\\vendor\\laravel\\framework\\src\\Illuminate\\Foundation\\Application.php(794): Illuminate\\Container\\Container->call(Array)
#14 C:\\xampp\\htdocs\\Shop\\vendor\\laravel\\framework\\src\\Illuminate\\Foundation\\Application.php(777): Illuminate\\Foundation\\Application->bootProvider(Object(App\\Providers\\AppServiceProvider))
#15 [internal function]: Illuminate\\Foundation\\Application->Illuminate\\Foundation\\{closure}(Object(App\\Providers\\AppServiceProvider), 21)
#16 C:\\xampp\\htdocs\\Shop\\vendor\\laravel\\framework\\src\\Illuminate\\Foundation\\Application.php(776): array_walk(Array, Object(Closure))
#17 C:\\xampp\\htdocs\\Shop\\vendor\\laravel\\framework\\src\\Illuminate\\Foundation\\Bootstrap\\BootProviders.php(17): Illuminate\\Foundation\\Application->boot()
#18 C:\\xampp\\htdocs\\Shop\\vendor\\laravel\\framework\\src\\Illuminate\\Foundation\\Application.php(206): Illuminate\\Foundation\\Bootstrap\\BootProviders->bootstrap(Object(Illuminate\\Foundation\\Application))
#19 C:\\xampp\\htdocs\\Shop\\vendor\\laravel\\framework\\src\\Illuminate\\Foundation\\Console\\Kernel.php(297): Illuminate\\Foundation\\Application->bootstrapWith(Array)
#20 C:\\xampp\\htdocs\\Shop\\vendor\\laravel\\framework\\src\\Illuminate\\Foundation\\Console\\Kernel.php(120): Illuminate\\Foundation\\Console\\Kernel->bootstrap()
#21 C:\\xampp\\htdocs\\Shop\\artisan(35): Illuminate\\Foundation\\Console\\Kernel->handle(Object(Symfony\\Component\\Console\\Input\\ArgvInput), Object(Symfony\\Component\\Console\\Output\\ConsoleOutput))
#22 {main}
"} 
[2026-02-25 05:33:37] local.ERROR: SQLSTATE[42S02]: Base table or view not found: 1146 Table 'lsms.languages' doesn't exist (SQL: select * from `languages` order by `created_at` desc limit 1) {"exception":"[object] (Illuminate\\Database\\QueryException(code: 42S02): SQLSTATE[42S02]: Base table or view not found: 1146 Table 'lsms.languages' doesn't exist (SQL: select * from `languages` order by `created_at` desc limit 1) at C:\\xampp\\htdocs\\Shop\\vendor\\laravel\\framework\\src\\Illuminate\\Database\\Connection.php:664, Doctrine\\DBAL\\Driver\\PDOException(code: 42S02): SQLSTATE[42S02]: Base table or view not found: 1146 Table 'lsms.languages' doesn't exist at C:\\xampp\\htdocs\\Shop\\vendor\\doctrine\\dbal\\lib\\Doctrine\\DBAL\\Driver\\PDOConnection.php:84, PDOException(code: 42S02): SQLSTATE[42S02]: Base table or view not found: 1146 Table 'lsms.languages' doesn't exist at C:\\xampp\\htdocs\\Shop\\vendor\\doctrine\\dbal\\lib\\Doctrine\\DBAL\\Driver\\PDOConnection.php:82)
[stacktrace]
#0 C:\\xampp\\htdocs\\Shop\\vendor\\laravel\\framework\\src\\Illuminate\\Database\\Connection.php(624): Illuminate\\Database\\Connection->runQueryCallback('select * from `...', Array, Object(Closure))
#1 C:\\xampp\\htdocs\\Shop\\vendor\\laravel\\framework\\src\\Illuminate\\Database\\Connection.php(317): Illuminate\\Database\\Connection->run('select * from `...', Array, Object(Closure))
#2 C:\\xampp\\htdocs\\Shop\\vendor\\laravel\\framework\\src\\Illuminate\\Database\\Query\\Builder.php(1962): Illuminate\\Database\\Connection->select('select * from `...', Array, true)
#3 C:\\xampp\\htdocs\\Shop\\vendor\\laravel\\framework\\src\\Illuminate\\Database\\Query\\Builder.php(1951): Illuminate\\Database\\Query\\Builder->runSelect()
#4 C:\\xampp\\htdocs\\Shop\\vendor\\laravel\\framework\\src\\Illuminate\\Database\\Query\\Builder.php(2435): Illuminate\\Database\\Query\\Builder->Illuminate\\Database\\Query\\{closure}()
#5 C:\\xampp\\htdocs\\Shop\\vendor\\laravel\\framework\\src\\Illuminate\\Database\\Query\\Builder.php(1950): Illuminate\\Database\\Query\\Builder->onceWithColumns(Array, Object(Closure))
#6 C:\\xampp\\htdocs\\Shop\\vendor\\laravel\\framework\\src\\Illuminate\\Database\\Concerns\\BuildsQueries.php(77): Illuminate\\Database\\Query\\Builder->get(Array)
#7 C:\\xampp\\htdocs\\Shop\\app\\Providers\\AppServiceProvider.php(30): Illuminate\\Database\\Query\\Builder->first()
#8 [internal function]: App\\Providers\\AppServiceProvider->boot()
#9 C:\\xampp\\htdocs\\Shop\\vendor\\laravel\\framework\\src\\Illuminate\\Container\\BoundMethod.php(28): call_user_func_array(Array, Array)
#10 C:\\xampp\\htdocs\\Shop\\vendor\\laravel\\framework\\src\\Illuminate\\Container\\BoundMethod.php(87): Illuminate\\Container\\BoundMethod::Illuminate\\Container\\{closure}()
#11 C:\\xampp\\htdocs\\Shop\\vendor\\laravel\\framework\\src\\Illuminate\\Container\\BoundMethod.php(27): Illuminate\\Container\\BoundMethod::callBoundMethod(Object(Illuminate\\Foundation\\Application), Array, Object(Closure))
#12 C:\\xampp\\htdocs\\Shop\\vendor\\laravel\\framework\\src\\Illuminate\\Container\\Container.php(564): Illuminate\\Container\\BoundMethod::call(Object(Illuminate\\Foundation\\Application), Array, Array, NULL)
#13 C:\\xampp\\htdocs\\Shop\\vendor\\laravel\\framework\\src\\Illuminate\\Foundation\\Application.php(794): Illuminate\\Container\\Container->call(Array)
#14 C:\\xampp\\htdocs\\Shop\\vendor\\laravel\\framework\\src\\Illuminate\\Foundation\\Application.php(777): Illuminate\\Foundation\\Application->bootProvider(Object(App\\Providers\\AppServiceProvider))
#15 [internal function]: Illuminate\\Foundation\\Application->Illuminate\\Foundation\\{closure}(Object(App\\Providers\\AppServiceProvider), 21)
#16 C:\\xampp\\htdocs\\Shop\\vendor\\laravel\\framework\\src\\Illuminate\\Foundation\\Application.php(776): array_walk(Array, Object(Closure))
#17 C:\\xampp\\htdocs\\Shop\\vendor\\laravel\\framework\\src\\Illuminate\\Foundation\\Bootstrap\\BootProviders.php(17): Illuminate\\Foundation\\Application->boot()
#18 C:\\xampp\\htdocs\\Shop\\vendor\\laravel\\framework\\src\\Illuminate\\Foundation\\Application.php(206): Illuminate\\Foundation\\Bootstrap\\BootProviders->bootstrap(Object(Illuminate\\Foundation\\Application))
#19 C:\\xampp\\htdocs\\Shop\\vendor\\laravel\\framework\\src\\Illuminate\\Foundation\\Console\\Kernel.php(297): Illuminate\\Foundation\\Application->bootstrapWith(Array)
#20 C:\\xampp\\htdocs\\Shop\\vendor\\laravel\\framework\\src\\Illuminate\\Foundation\\Console\\Kernel.php(120): Illuminate\\Foundation\\Console\\Kernel->bootstrap()
#21 C:\\xampp\\htdocs\\Shop\\artisan(35): Illuminate\\Foundation\\Console\\Kernel->handle(Object(Symfony\\Component\\Console\\Input\\ArgvInput), Object(Symfony\\Component\\Console\\Output\\ConsoleOutput))
#22 {main}
"} 
[2026-02-25 05:33:48] local.ERROR: SQLSTATE[42S02]: Base table or view not found: 1146 Table 'lsms.languages' doesn't exist (SQL: select * from `languages` order by `created_at` desc limit 1) {"exception":"[object] (Illuminate\\Database\\QueryException(code: 42S02): SQLSTATE[42S02]: Base table or view not found: 1146 Table 'lsms.languages' doesn't exist (SQL: select * from `languages` order by `created_at` desc limit 1) at C:\\xampp\\htdocs\\Shop\\vendor\\laravel\\framework\\src\\Illuminate\\Database\\Connection.php:664, Doctrine\\DBAL\\Driver\\PDOException(code: 42S02): SQLSTATE[42S02]: Base table or view not found: 1146 Table 'lsms.languages' doesn't exist at C:\\xampp\\htdocs\\Shop\\vendor\\doctrine\\dbal\\lib\\Doctrine\\DBAL\\Driver\\PDOConnection.php:84, PDOException(code: 42S02): SQLSTATE[42S02]: Base table or view not found: 1146 Table 'lsms.languages' doesn't exist at C:\\xampp\\htdocs\\Shop\\vendor\\doctrine\\dbal\\lib\\Doctrine\\DBAL\\Driver\\PDOConnection.php:82)
[stacktrace]
#0 C:\\xampp\\htdocs\\Shop\\vendor\\laravel\\framework\\src\\Illuminate\\Database\\Connection.php(624): Illuminate\\Database\\Connection->runQueryCallback('select * from `...', Array, Object(Closure))
#1 C:\\xampp\\htdocs\\Shop\\vendor\\laravel\\framework\\src\\Illuminate\\Database\\Connection.php(317): Illuminate\\Database\\Connection->run('select * from `...', Array, Object(Closure))
#2 C:\\xampp\\htdocs\\Shop\\vendor\\laravel\\framework\\src\\Illuminate\\Database\\Query\\Builder.php(1962): Illuminate\\Database\\Connection->select('select * from `...', Array, true)
#3 C:\\xampp\\htdocs\\Shop\\vendor\\laravel\\framework\\src\\Illuminate\\Database\\Query\\Builder.php(1951): Illuminate\\Database\\Query\\Builder->runSelect()
#4 C:\\xampp\\htdocs\\Shop\\vendor\\laravel\\framework\\src\\Illuminate\\Database\\Query\\Builder.php(2435): Illuminate\\Database\\Query\\Builder->Illuminate\\Database\\Query\\{closure}()
#5 C:\\xampp\\htdocs\\Shop\\vendor\\laravel\\framework\\src\\Illuminate\\Database\\Query\\Builder.php(1950): Illuminate\\Database\\Query\\Builder->onceWithColumns(Array, Object(Closure))
#6 C:\\xampp\\htdocs\\Shop\\vendor\\laravel\\framework\\src\\Illuminate\\Database\\Concerns\\BuildsQueries.php(77): Illuminate\\Database\\Query\\Builder->get(Array)
#7 C:\\xampp\\htdocs\\Shop\\app\\Providers\\AppServiceProvider.php(30): Illuminate\\Database\\Query\\Builder->first()
#8 [internal function]: App\\Providers\\AppServiceProvider->boot()
#9 C:\\xampp\\htdocs\\Shop\\vendor\\laravel\\framework\\src\\Illuminate\\Container\\BoundMethod.php(28): call_user_func_array(Array, Array)
#10 C:\\xampp\\htdocs\\Shop\\vendor\\laravel\\framework\\src\\Illuminate\\Container\\BoundMethod.php(87): Illuminate\\Container\\BoundMethod::Illuminate\\Container\\{closure}()
#11 C:\\xampp\\htdocs\\Shop\\vendor\\laravel\\framework\\src\\Illuminate\\Container\\BoundMethod.php(27): Illuminate\\Container\\BoundMethod::callBoundMethod(Object(Illuminate\\Foundation\\Application), Array, Object(Closure))
#12 C:\\xampp\\htdocs\\Shop\\vendor\\laravel\\framework\\src\\Illuminate\\Container\\Container.php(564): Illuminate\\Container\\BoundMethod::call(Object(Illuminate\\Foundation\\Application), Array, Array, NULL)
#13 C:\\xampp\\htdocs\\Shop\\vendor\\laravel\\framework\\src\\Illuminate\\Foundation\\Application.php(794): Illuminate\\Container\\Container->call(Array)
#14 C:\\xampp\\htdocs\\Shop\\vendor\\laravel\\framework\\src\\Illuminate\\Foundation\\Application.php(777): Illuminate\\Foundation\\Application->bootProvider(Object(App\\Providers\\AppServiceProvider))
#15 [internal function]: Illuminate\\Foundation\\Application->Illuminate\\Foundation\\{closure}(Object(App\\Providers\\AppServiceProvider), 21)
#16 C:\\xampp\\htdocs\\Shop\\vendor\\laravel\\framework\\src\\Illuminate\\Foundation\\Application.php(776): array_walk(Array, Object(Closure))
#17 C:\\xampp\\htdocs\\Shop\\vendor\\laravel\\framework\\src\\Illuminate\\Foundation\\Bootstrap\\BootProviders.php(17): Illuminate\\Foundation\\Application->boot()
#18 C:\\xampp\\htdocs\\Shop\\vendor\\laravel\\framework\\src\\Illuminate\\Foundation\\Application.php(206): Illuminate\\Foundation\\Bootstrap\\BootProviders->bootstrap(Object(Illuminate\\Foundation\\Application))
#19 C:\\xampp\\htdocs\\Shop\\vendor\\laravel\\framework\\src\\Illuminate\\Foundation\\Console\\Kernel.php(297): Illuminate\\Foundation\\Application->bootstrapWith(Array)
#20 C:\\xampp\\htdocs\\Shop\\vendor\\laravel\\framework\\src\\Illuminate\\Foundation\\Console\\Kernel.php(120): Illuminate\\Foundation\\Console\\Kernel->bootstrap()
#21 C:\\xampp\\htdocs\\Shop\\artisan(35): Illuminate\\Foundation\\Console\\Kernel->handle(Object(Symfony\\Component\\Console\\Input\\ArgvInput), Object(Symfony\\Component\\Console\\Output\\ConsoleOutput))
#22 {main}
"} 
[2026-02-25 05:35:32] local.ERROR: SQLSTATE[42S02]: Base table or view not found: 1146 Table 'lsms.languages' doesn't exist (SQL: select * from `languages` order by `created_at` desc limit 1) {"exception":"[object] (Illuminate\\Database\\QueryException(code: 42S02): SQLSTATE[42S02]: Base table or view not found: 1146 Table 'lsms.languages' doesn't exist (SQL: select * from `languages` order by `created_at` desc limit 1) at C:\\xampp\\htdocs\\Shop\\vendor\\laravel\\framework\\src\\Illuminate\\Database\\Connection.php:664, Doctrine\\DBAL\\Driver\\PDOException(code: 42S02): SQLSTATE[42S02]: Base table or view not found: 1146 Table 'lsms.languages' doesn't exist at C:\\xampp\\htdocs\\Shop\\vendor\\doctrine\\dbal\\lib\\Doctrine\\DBAL\\Driver\\PDOConnection.php:84, PDOException(code: 42S02): SQLSTATE[42S02]: Base table or view not found: 1146 Table 'lsms.languages' doesn't exist at C:\\xampp\\htdocs\\Shop\\vendor\\doctrine\\dbal\\lib\\Doctrine\\DBAL\\Driver\\PDOConnection.php:82)
[stacktrace]
#0 C:\\xampp\\htdocs\\Shop\\vendor\\laravel\\framework\\src\\Illuminate\\Database\\Connection.php(624): Illuminate\\Database\\Connection->runQueryCallback('select * from `...', Array, Object(Closure))
#1 C:\\xampp\\htdocs\\Shop\\vendor\\laravel\\framework\\src\\Illuminate\\Database\\Connection.php(317): Illuminate\\Database\\Connection->run('select * from `...', Array, Object(Closure))
#2 C:\\xampp\\htdocs\\Shop\\vendor\\laravel\\framework\\src\\Illuminate\\Database\\Query\\Builder.php(1962): Illuminate\\Database\\Connection->select('select * from `...', Array, true)
#3 C:\\xampp\\htdocs\\Shop\\vendor\\laravel\\framework\\src\\Illuminate\\Database\\Query\\Builder.php(1951): Illuminate\\Database\\Query\\Builder->runSelect()
#4 C:\\xampp\\htdocs\\Shop\\vendor\\laravel\\framework\\src\\Illuminate\\Database\\Query\\Builder.php(2435): Illuminate\\Database\\Query\\Builder->Illuminate\\Database\\Query\\{closure}()
#5 C:\\xampp\\htdocs\\Shop\\vendor\\laravel\\framework\\src\\Illuminate\\Database\\Query\\Builder.php(1950): Illuminate\\Database\\Query\\Builder->onceWithColumns(Array, Object(Closure))
#6 C:\\xampp\\htdocs\\Shop\\vendor\\laravel\\framework\\src\\Illuminate\\Database\\Concerns\\BuildsQueries.php(77): Illuminate\\Database\\Query\\Builder->get(Array)
#7 C:\\xampp\\htdocs\\Shop\\app\\Providers\\AppServiceProvider.php(30): Illuminate\\Database\\Query\\Builder->first()
#8 [internal function]: App\\Providers\\AppServiceProvider->boot()
#9 C:\\xampp\\htdocs\\Shop\\vendor\\laravel\\framework\\src\\Illuminate\\Container\\BoundMethod.php(28): call_user_func_array(Array, Array)
#10 C:\\xampp\\htdocs\\Shop\\vendor\\laravel\\framework\\src\\Illuminate\\Container\\BoundMethod.php(87): Illuminate\\Container\\BoundMethod::Illuminate\\Container\\{closure}()
#11 C:\\xampp\\htdocs\\Shop\\vendor\\laravel\\framework\\src\\Illuminate\\Container\\BoundMethod.php(27): Illuminate\\Container\\BoundMethod::callBoundMethod(Object(Illuminate\\Foundation\\Application), Array, Object(Closure))
#12 C:\\xampp\\htdocs\\Shop\\vendor\\laravel\\framework\\src\\Illuminate\\Container\\Container.php(564): Illuminate\\Container\\BoundMethod::call(Object(Illuminate\\Foundation\\Application), Array, Array, NULL)
#13 C:\\xampp\\htdocs\\Shop\\vendor\\laravel\\framework\\src\\Illuminate\\Foundation\\Application.php(794): Illuminate\\Container\\Container->call(Array)
#14 C:\\xampp\\htdocs\\Shop\\vendor\\laravel\\framework\\src\\Illuminate\\Foundation\\Application.php(777): Illuminate\\Foundation\\Application->bootProvider(Object(App\\Providers\\AppServiceProvider))
#15 [internal function]: Illuminate\\Foundation\\Application->Illuminate\\Foundation\\{closure}(Object(App\\Providers\\AppServiceProvider), 21)
#16 C:\\xampp\\htdocs\\Shop\\vendor\\laravel\\framework\\src\\Illuminate\\Foundation\\Application.php(776): array_walk(Array, Object(Closure))
#17 C:\\xampp\\htdocs\\Shop\\vendor\\laravel\\framework\\src\\Illuminate\\Foundation\\Bootstrap\\BootProviders.php(17): Illuminate\\Foundation\\Application->boot()
#18 C:\\xampp\\htdocs\\Shop\\vendor\\laravel\\framework\\src\\Illuminate\\Foundation\\Application.php(206): Illuminate\\Foundation\\Bootstrap\\BootProviders->bootstrap(Object(Illuminate\\Foundation\\Application))
#19 C:\\xampp\\htdocs\\Shop\\vendor\\laravel\\framework\\src\\Illuminate\\Foundation\\Console\\Kernel.php(297): Illuminate\\Foundation\\Application->bootstrapWith(Array)
#20 C:\\xampp\\htdocs\\Shop\\vendor\\laravel\\framework\\src\\Illuminate\\Foundation\\Console\\Kernel.php(120): Illuminate\\Foundation\\Console\\Kernel->bootstrap()
#21 C:\\xampp\\htdocs\\Shop\\artisan(35): Illuminate\\Foundation\\Console\\Kernel->handle(Object(Symfony\\Component\\Console\\Input\\ArgvInput), Object(Symfony\\Component\\Console\\Output\\ConsoleOutput))
#22 {main}
"} 
[2026-02-25 05:35:55] local.ERROR: SQLSTATE[42S02]: Base table or view not found: 1146 Table 'lsms.languages' doesn't exist (SQL: select * from `languages` order by `created_at` desc limit 1) {"exception":"[object] (Illuminate\\Database\\QueryException(code: 42S02): SQLSTATE[42S02]: Base table or view not found: 1146 Table 'lsms.languages' doesn't exist (SQL: select * from `languages` order by `created_at` desc limit 1) at C:\\xampp\\htdocs\\Shop\\vendor\\laravel\\framework\\src\\Illuminate\\Database\\Connection.php:664, Doctrine\\DBAL\\Driver\\PDOException(code: 42S02): SQLSTATE[42S02]: Base table or view not found: 1146 Table 'lsms.languages' doesn't exist at C:\\xampp\\htdocs\\Shop\\vendor\\doctrine\\dbal\\lib\\Doctrine\\DBAL\\Driver\\PDOConnection.php:84, PDOException(code: 42S02): SQLSTATE[42S02]: Base table or view not found: 1146 Table 'lsms.languages' doesn't exist at C:\\xampp\\htdocs\\Shop\\vendor\\doctrine\\dbal\\lib\\Doctrine\\DBAL\\Driver\\PDOConnection.php:82)
[stacktrace]
#0 C:\\xampp\\htdocs\\Shop\\vendor\\laravel\\framework\\src\\Illuminate\\Database\\Connection.php(624): Illuminate\\Database\\Connection->runQueryCallback('select * from `...', Array, Object(Closure))
#1 C:\\xampp\\htdocs\\Shop\\vendor\\laravel\\framework\\src\\Illuminate\\Database\\Connection.php(317): Illuminate\\Database\\Connection->run('select * from `...', Array, Object(Closure))
#2 C:\\xampp\\htdocs\\Shop\\vendor\\laravel\\framework\\src\\Illuminate\\Database\\Query\\Builder.php(1962): Illuminate\\Database\\Connection->select('select * from `...', Array, true)
#3 C:\\xampp\\htdocs\\Shop\\vendor\\laravel\\framework\\src\\Illuminate\\Database\\Query\\Builder.php(1951): Illuminate\\Database\\Query\\Builder->runSelect()
#4 C:\\xampp\\htdocs\\Shop\\vendor\\laravel\\framework\\src\\Illuminate\\Database\\Query\\Builder.php(2435): Illuminate\\Database\\Query\\Builder->Illuminate\\Database\\Query\\{closure}()
#5 C:\\xampp\\htdocs\\Shop\\vendor\\laravel\\framework\\src\\Illuminate\\Database\\Query\\Builder.php(1950): Illuminate\\Database\\Query\\Builder->onceWithColumns(Array, Object(Closure))
#6 C:\\xampp\\htdocs\\Shop\\vendor\\laravel\\framework\\src\\Illuminate\\Database\\Concerns\\BuildsQueries.php(77): Illuminate\\Database\\Query\\Builder->get(Array)
#7 C:\\xampp\\htdocs\\Shop\\app\\Providers\\AppServiceProvider.php(30): Illuminate\\Database\\Query\\Builder->first()
#8 [internal function]: App\\Providers\\AppServiceProvider->boot()
#9 C:\\xampp\\htdocs\\Shop\\vendor\\laravel\\framework\\src\\Illuminate\\Container\\BoundMethod.php(28): call_user_func_array(Array, Array)
#10 C:\\xampp\\htdocs\\Shop\\vendor\\laravel\\framework\\src\\Illuminate\\Container\\BoundMethod.php(87): Illuminate\\Container\\BoundMethod::Illuminate\\Container\\{closure}()
#11 C:\\xampp\\htdocs\\Shop\\vendor\\laravel\\framework\\src\\Illuminate\\Container\\BoundMethod.php(27): Illuminate\\Container\\BoundMethod::callBoundMethod(Object(Illuminate\\Foundation\\Application), Array, Object(Closure))
#12 C:\\xampp\\htdocs\\Shop\\vendor\\laravel\\framework\\src\\Illuminate\\Container\\Container.php(564): Illuminate\\Container\\BoundMethod::call(Object(Illuminate\\Foundation\\Application), Array, Array, NULL)
#13 C:\\xampp\\htdocs\\Shop\\vendor\\laravel\\framework\\src\\Illuminate\\Foundation\\Application.php(794): Illuminate\\Container\\Container->call(Array)
#14 C:\\xampp\\htdocs\\Shop\\vendor\\laravel\\framework\\src\\Illuminate\\Foundation\\Application.php(777): Illuminate\\Foundation\\Application->bootProvider(Object(App\\Providers\\AppServiceProvider))
#15 [internal function]: Illuminate\\Foundation\\Application->Illuminate\\Foundation\\{closure}(Object(App\\Providers\\AppServiceProvider), 21)
#16 C:\\xampp\\htdocs\\Shop\\vendor\\laravel\\framework\\src\\Illuminate\\Foundation\\Application.php(776): array_walk(Array, Object(Closure))
#17 C:\\xampp\\htdocs\\Shop\\vendor\\laravel\\framework\\src\\Illuminate\\Foundation\\Bootstrap\\BootProviders.php(17): Illuminate\\Foundation\\Application->boot()
#18 C:\\xampp\\htdocs\\Shop\\vendor\\laravel\\framework\\src\\Illuminate\\Foundation\\Application.php(206): Illuminate\\Foundation\\Bootstrap\\BootProviders->bootstrap(Object(Illuminate\\Foundation\\Application))
#19 C:\\xampp\\htdocs\\Shop\\vendor\\laravel\\framework\\src\\Illuminate\\Foundation\\Console\\Kernel.php(297): Illuminate\\Foundation\\Application->bootstrapWith(Array)
#20 C:\\xampp\\htdocs\\Shop\\test_env.php(6): Illuminate\\Foundation\\Console\\Kernel->bootstrap()
#21 {main}
"} 
[2026-02-25 05:36:51] local.ERROR: Carbon\Carbon::setLastErrors(): Argument #1 ($lastErrors) must be of type array, bool given, called in C:\xampp\htdocs\Shop\vendor\nesbot\carbon\src\Carbon\Carbon.php on line 443 {"exception":"[object] (Symfony\\Component\\Debug\\Exception\\FatalThrowableError(code: 0): Carbon\\Carbon::setLastErrors(): Argument #1 ($lastErrors) must be of type array, bool given, called in C:\\xampp\\htdocs\\Shop\\vendor\
esbot\\carbon\\src\\Carbon\\Carbon.php on line 443 at C:\\xampp\\htdocs\\Shop\\vendor\
esbot\\carbon\\src\\Carbon\\Carbon.php:785)
[stacktrace]
#0 C:\\xampp\\htdocs\\Shop\\vendor\
esbot\\carbon\\src\\Carbon\\Carbon.php(443): Carbon\\Carbon::setLastErrors(false)
#1 C:\\xampp\\htdocs\\Shop\\vendor\
esbot\\carbon\\src\\Carbon\\Carbon.php(488): Carbon\\Carbon->__construct(NULL, NULL)
#2 C:\\xampp\\htdocs\\Shop\\vendor\\laravel\\framework\\src\\Illuminate\\Console\\Scheduling\\ScheduleRunCommand.php(55): Carbon\\Carbon::now()
#3 [internal function]: Illuminate\\Console\\Scheduling\\ScheduleRunCommand->__construct(Object(Illuminate\\Console\\Scheduling\\Schedule))
#4 C:\\xampp\\htdocs\\Shop\\vendor\\laravel\\framework\\src\\Illuminate\\Container\\Container.php(800): ReflectionClass->newInstanceArgs(Array)
#5 C:\\xampp\\htdocs\\Shop\\vendor\\laravel\\framework\\src\\Illuminate\\Container\\Container.php(253): Illuminate\\Container\\Container->build('Illuminate\\\\Cons...')
#6 C:\\xampp\\htdocs\\Shop\\vendor\\laravel\\framework\\src\\Illuminate\\Container\\Container.php(764): Illuminate\\Container\\Container->Illuminate\\Container\\{closure}(Object(Illuminate\\Foundation\\Application), Array)
#7 C:\\xampp\\htdocs\\Shop\\vendor\\laravel\\framework\\src\\Illuminate\\Container\\Container.php(646): Illuminate\\Container\\Container->build(Object(Closure))
#8 C:\\xampp\\htdocs\\Shop\\vendor\\laravel\\framework\\src\\Illuminate\\Container\\Container.php(601): Illuminate\\Container\\Container->resolve('Illuminate\\\\Cons...', Array)
#9 C:\\xampp\\htdocs\\Shop\\vendor\\laravel\\framework\\src\\Illuminate\\Foundation\\Application.php(734): Illuminate\\Container\\Container->make('Illuminate\\\\Cons...', Array)
#10 C:\\xampp\\htdocs\\Shop\\vendor\\laravel\\framework\\src\\Illuminate\\Console\\Application.php(241): Illuminate\\Foundation\\Application->make('Illuminate\\\\Cons...')
#11 C:\\xampp\\htdocs\\Shop\\vendor\\laravel\\framework\\src\\Illuminate\\Console\\Application.php(255): Illuminate\\Console\\Application->resolve('Illuminate\\\\Cons...')
#12 C:\\xampp\\htdocs\\Shop\\vendor\\laravel\\framework\\src\\Illuminate\\Support\\ServiceProvider.php(267): Illuminate\\Console\\Application->resolveCommands(Array)
#13 C:\\xampp\\htdocs\\Shop\\vendor\\laravel\\framework\\src\\Illuminate\\Console\\Application.php(148): Illuminate\\Support\\ServiceProvider->Illuminate\\Support\\{closure}(Object(Illuminate\\Console\\Application))
#14 C:\\xampp\\htdocs\\Shop\\vendor\\laravel\\framework\\src\\Illuminate\\Console\\Application.php(71): Illuminate\\Console\\Application->bootstrap()
#15 C:\\xampp\\htdocs\\Shop\\vendor\\laravel\\framework\\src\\Illuminate\\Foundation\\Console\\Kernel.php(317): Illuminate\\Console\\Application->__construct(Object(Illuminate\\Foundation\\Application), Object(Illuminate\\Events\\Dispatcher), '5.6.33')
#16 C:\\xampp\\htdocs\\Shop\\vendor\\laravel\\framework\\src\\Illuminate\\Foundation\\Console\\Kernel.php(122): Illuminate\\Foundation\\Console\\Kernel->getArtisan()
#17 C:\\xampp\\htdocs\\Shop\\artisan(35): Illuminate\\Foundation\\Console\\Kernel->handle(Object(Symfony\\Component\\Console\\Input\\ArgvInput), Object(Symfony\\Component\\Console\\Output\\ConsoleOutput))
#18 {main}
"} 
[2026-02-25 14:09:18] local.ERROR: Carbon\Carbon::setLastErrors(): Argument #1 ($lastErrors) must be of type array, bool given, called in C:\xampp\htdocs\Shop\vendor\nesbot\carbon\src\Carbon\Carbon.php on line 443 {"exception":"[object] (Symfony\\Component\\Debug\\Exception\\FatalThrowableError(code: 0): Carbon\\Carbon::setLastErrors(): Argument #1 ($lastErrors) must be of type array, bool given, called in C:\\xampp\\htdocs\\Shop\\vendor\
esbot\\carbon\\src\\Carbon\\Carbon.php on line 443 at C:\\xampp\\htdocs\\Shop\\vendor\
esbot\\carbon\\src\\Carbon\\Carbon.php:785)
[stacktrace]
#0 C:\\xampp\\htdocs\\Shop\\vendor\
esbot\\carbon\\src\\Carbon\\Carbon.php(443): Carbon\\Carbon::setLastErrors(false)
#1 C:\\xampp\\htdocs\\Shop\\vendor\
esbot\\carbon\\src\\Carbon\\Carbon.php(488): Carbon\\Carbon->__construct(NULL, NULL)
#2 C:\\xampp\\htdocs\\Shop\\vendor\\laravel\\framework\\src\\Illuminate\\Console\\Scheduling\\ScheduleRunCommand.php(55): Carbon\\Carbon::now()
#3 [internal function]: Illuminate\\Console\\Scheduling\\ScheduleRunCommand->__construct(Object(Illuminate\\Console\\Scheduling\\Schedule))
#4 C:\\xampp\\htdocs\\Shop\\vendor\\laravel\\framework\\src\\Illuminate\\Container\\Container.php(800): ReflectionClass->newInstanceArgs(Array)
#5 C:\\xampp\\htdocs\\Shop\\vendor\\laravel\\framework\\src\\Illuminate\\Container\\Container.php(253): Illuminate\\Container\\Container->build('Illuminate\\\\Cons...')
#6 C:\\xampp\\htdocs\\Shop\\vendor\\laravel\\framework\\src\\Illuminate\\Container\\Container.php(764): Illuminate\\Container\\Container->Illuminate\\Container\\{closure}(Object(Illuminate\\Foundation\\Application), Array)
#7 C:\\xampp\\htdocs\\Shop\\vendor\\laravel\\framework\\src\\Illuminate\\Container\\Container.php(646): Illuminate\\Container\\Container->build(Object(Closure))
#8 C:\\xampp\\htdocs\\Shop\\vendor\\laravel\\framework\\src\\Illuminate\\Container\\Container.php(601): Illuminate\\Container\\Container->resolve('Illuminate\\\\Cons...', Array)
#9 C:\\xampp\\htdocs\\Shop\\vendor\\laravel\\framework\\src\\Illuminate\\Foundation\\Application.php(734): Illuminate\\Container\\Container->make('Illuminate\\\\Cons...', Array)
#10 C:\\xampp\\htdocs\\Shop\\vendor\\laravel\\framework\\src\\Illuminate\\Console\\Application.php(241): Illuminate\\Foundation\\Application->make('Illuminate\\\\Cons...')
#11 C:\\xampp\\htdocs\\Shop\\vendor\\laravel\\framework\\src\\Illuminate\\Console\\Application.php(255): Illuminate\\Console\\Application->resolve('Illuminate\\\\Cons...')
#12 C:\\xampp\\htdocs\\Shop\\vendor\\laravel\\framework\\src\\Illuminate\\Support\\ServiceProvider.php(267): Illuminate\\Console\\Application->resolveCommands(Array)
#13 C:\\xampp\\htdocs\\Shop\\vendor\\laravel\\framework\\src\\Illuminate\\Console\\Application.php(148): Illuminate\\Support\\ServiceProvider->Illuminate\\Support\\{closure}(Object(Illuminate\\Console\\Application))
#14 C:\\xampp\\htdocs\\Shop\\vendor\\laravel\\framework\\src\\Illuminate\\Console\\Application.php(71): Illuminate\\Console\\Application->bootstrap()
#15 C:\\xampp\\htdocs\\Shop\\vendor\\laravel\\framework\\src\\Illuminate\\Foundation\\Console\\Kernel.php(317): Illuminate\\Console\\Application->__construct(Object(Illuminate\\Foundation\\Application), Object(Illuminate\\Events\\Dispatcher), '5.6.33')
#16 C:\\xampp\\htdocs\\Shop\\vendor\\laravel\\framework\\src\\Illuminate\\Foundation\\Console\\Kernel.php(122): Illuminate\\Foundation\\Console\\Kernel->getArtisan()
#17 C:\\xampp\\htdocs\\Shop\\artisan(35): Illuminate\\Foundation\\Console\\Kernel->handle(Object(Symfony\\Component\\Console\\Input\\ArgvInput), Object(Symfony\\Component\\Console\\Output\\ConsoleOutput))
#18 {main}
"} 
[2026-02-25 14:09:55] local.ERROR: Carbon\Carbon::setLastErrors(): Argument #1 ($lastErrors) must be of type array, bool given, called in C:\xampp\htdocs\Shop\vendor\nesbot\carbon\src\Carbon\Carbon.php on line 443 {"exception":"[object] (Symfony\\Component\\Debug\\Exception\\FatalThrowableError(code: 0): Carbon\\Carbon::setLastErrors(): Argument #1 ($lastErrors) must be of type array, bool given, called in C:\\xampp\\htdocs\\Shop\\vendor\
esbot\\carbon\\src\\Carbon\\Carbon.php on line 443 at C:\\xampp\\htdocs\\Shop\\vendor\
esbot\\carbon\\src\\Carbon\\Carbon.php:785)
[stacktrace]
#0 C:\\xampp\\htdocs\\Shop\\vendor\
esbot\\carbon\\src\\Carbon\\Carbon.php(443): Carbon\\Carbon::setLastErrors(false)
#1 C:\\xampp\\htdocs\\Shop\\vendor\
esbot\\carbon\\src\\Carbon\\Carbon.php(488): Carbon\\Carbon->__construct(NULL, NULL)
#2 C:\\xampp\\htdocs\\Shop\\vendor\\laravel\\framework\\src\\Illuminate\\Console\\Scheduling\\ScheduleRunCommand.php(55): Carbon\\Carbon::now()
#3 [internal function]: Illuminate\\Console\\Scheduling\\ScheduleRunCommand->__construct(Object(Illuminate\\Console\\Scheduling\\Schedule))
#4 C:\\xampp\\htdocs\\Shop\\vendor\\laravel\\framework\\src\\Illuminate\\Container\\Container.php(800): ReflectionClass->newInstanceArgs(Array)
#5 C:\\xampp\\htdocs\\Shop\\vendor\\laravel\\framework\\src\\Illuminate\\Container\\Container.php(253): Illuminate\\Container\\Container->build('Illuminate\\\\Cons...')
#6 C:\\xampp\\htdocs\\Shop\\vendor\\laravel\\framework\\src\\Illuminate\\Container\\Container.php(764): Illuminate\\Container\\Container->Illuminate\\Container\\{closure}(Object(Illuminate\\Foundation\\Application), Array)
#7 C:\\xampp\\htdocs\\Shop\\vendor\\laravel\\framework\\src\\Illuminate\\Container\\Container.php(646): Illuminate\\Container\\Container->build(Object(Closure))
#8 C:\\xampp\\htdocs\\Shop\\vendor\\laravel\\framework\\src\\Illuminate\\Container\\Container.php(601): Illuminate\\Container\\Container->resolve('Illuminate\\\\Cons...', Array)
#9 C:\\xampp\\htdocs\\Shop\\vendor\\laravel\\framework\\src\\Illuminate\\Foundation\\Application.php(734): Illuminate\\Container\\Container->make('Illuminate\\\\Cons...', Array)
#10 C:\\xampp\\htdocs\\Shop\\vendor\\laravel\\framework\\src\\Illuminate\\Console\\Application.php(241): Illuminate\\Foundation\\Application->make('Illuminate\\\\Cons...')
#11 C:\\xampp\\htdocs\\Shop\\vendor\\laravel\\framework\\src\\Illuminate\\Console\\Application.php(255): Illuminate\\Console\\Application->resolve('Illuminate\\\\Cons...')
#12 C:\\xampp\\htdocs\\Shop\\vendor\\laravel\\framework\\src\\Illuminate\\Support\\ServiceProvider.php(267): Illuminate\\Console\\Application->resolveCommands(Array)
#13 C:\\xampp\\htdocs\\Shop\\vendor\\laravel\\framework\\src\\Illuminate\\Console\\Application.php(148): Illuminate\\Support\\ServiceProvider->Illuminate\\Support\\{closure}(Object(Illuminate\\Console\\Application))
#14 C:\\xampp\\htdocs\\Shop\\vendor\\laravel\\framework\\src\\Illuminate\\Console\\Application.php(71): Illuminate\\Console\\Application->bootstrap()
#15 C:\\xampp\\htdocs\\Shop\\vendor\\laravel\\framework\\src\\Illuminate\\Foundation\\Console\\Kernel.php(317): Illuminate\\Console\\Application->__construct(Object(Illuminate\\Foundation\\Application), Object(Illuminate\\Events\\Dispatcher), '5.6.33')
#16 C:\\xampp\\htdocs\\Shop\\vendor\\laravel\\framework\\src\\Illuminate\\Foundation\\Console\\Kernel.php(122): Illuminate\\Foundation\\Console\\Kernel->getArtisan()
#17 C:\\xampp\\htdocs\\Shop\\artisan(35): Illuminate\\Foundation\\Console\\Kernel->handle(Object(Symfony\\Component\\Console\\Input\\ArgvInput), Object(Symfony\\Component\\Console\\Output\\ConsoleOutput))
#18 {main}
"} 
[2026-02-25 14:10:30] local.ERROR: Carbon\Carbon::setLastErrors(): Argument #1 ($lastErrors) must be of type array, bool given, called in C:\xampp\htdocs\Shop\vendor\nesbot\carbon\src\Carbon\Carbon.php on line 443 {"exception":"[object] (Symfony\\Component\\Debug\\Exception\\FatalThrowableError(code: 0): Carbon\\Carbon::setLastErrors(): Argument #1 ($lastErrors) must be of type array, bool given, called in C:\\xampp\\htdocs\\Shop\\vendor\
esbot\\carbon\\src\\Carbon\\Carbon.php on line 443 at C:\\xampp\\htdocs\\Shop\\vendor\
esbot\\carbon\\src\\Carbon\\Carbon.php:785)
[stacktrace]
#0 C:\\xampp\\htdocs\\Shop\\vendor\
esbot\\carbon\\src\\Carbon\\Carbon.php(443): Carbon\\Carbon::setLastErrors(false)
#1 C:\\xampp\\htdocs\\Shop\\vendor\
esbot\\carbon\\src\\Carbon\\Carbon.php(488): Carbon\\Carbon->__construct(NULL, NULL)
#2 C:\\xampp\\htdocs\\Shop\\vendor\\laravel\\framework\\src\\Illuminate\\Console\\Scheduling\\ScheduleRunCommand.php(55): Carbon\\Carbon::now()
#3 [internal function]: Illuminate\\Console\\Scheduling\\ScheduleRunCommand->__construct(Object(Illuminate\\Console\\Scheduling\\Schedule))
#4 C:\\xampp\\htdocs\\Shop\\vendor\\laravel\\framework\\src\\Illuminate\\Container\\Container.php(800): ReflectionClass->newInstanceArgs(Array)
#5 C:\\xampp\\htdocs\\Shop\\vendor\\laravel\\framework\\src\\Illuminate\\Container\\Container.php(253): Illuminate\\Container\\Container->build('Illuminate\\\\Cons...')
#6 C:\\xampp\\htdocs\\Shop\\vendor\\laravel\\framework\\src\\Illuminate\\Container\\Container.php(764): Illuminate\\Container\\Container->Illuminate\\Container\\{closure}(Object(Illuminate\\Foundation\\Application), Array)
#7 C:\\xampp\\htdocs\\Shop\\vendor\\laravel\\framework\\src\\Illuminate\\Container\\Container.php(646): Illuminate\\Container\\Container->build(Object(Closure))
#8 C:\\xampp\\htdocs\\Shop\\vendor\\laravel\\framework\\src\\Illuminate\\Container\\Container.php(601): Illuminate\\Container\\Container->resolve('Illuminate\\\\Cons...', Array)
#9 C:\\xampp\\htdocs\\Shop\\vendor\\laravel\\framework\\src\\Illuminate\\Foundation\\Application.php(734): Illuminate\\Container\\Container->make('Illuminate\\\\Cons...', Array)
#10 C:\\xampp\\htdocs\\Shop\\vendor\\laravel\\framework\\src\\Illuminate\\Console\\Application.php(241): Illuminate\\Foundation\\Application->make('Illuminate\\\\Cons...')
#11 C:\\xampp\\htdocs\\Shop\\vendor\\laravel\\framework\\src\\Illuminate\\Console\\Application.php(255): Illuminate\\Console\\Application->resolve('Illuminate\\\\Cons...')
#12 C:\\xampp\\htdocs\\Shop\\vendor\\laravel\\framework\\src\\Illuminate\\Support\\ServiceProvider.php(267): Illuminate\\Console\\Application->resolveCommands(Array)
#13 C:\\xampp\\htdocs\\Shop\\vendor\\laravel\\framework\\src\\Illuminate\\Console\\Application.php(148): Illuminate\\Support\\ServiceProvider->Illuminate\\Support\\{closure}(Object(Illuminate\\Console\\Application))
#14 C:\\xampp\\htdocs\\Shop\\vendor\\laravel\\framework\\src\\Illuminate\\Console\\Application.php(71): Illuminate\\Console\\Application->bootstrap()
#15 C:\\xampp\\htdocs\\Shop\\vendor\\laravel\\framework\\src\\Illuminate\\Foundation\\Console\\Kernel.php(317): Illuminate\\Console\\Application->__construct(Object(Illuminate\\Foundation\\Application), Object(Illuminate\\Events\\Dispatcher), '5.6.33')
#16 C:\\xampp\\htdocs\\Shop\\vendor\\laravel\\framework\\src\\Illuminate\\Foundation\\Console\\Kernel.php(122): Illuminate\\Foundation\\Console\\Kernel->getArtisan()
#17 C:\\xampp\\htdocs\\Shop\\artisan(35): Illuminate\\Foundation\\Console\\Kernel->handle(Object(Symfony\\Component\\Console\\Input\\ArgvInput), Object(Symfony\\Component\\Console\\Output\\ConsoleOutput))
#18 {main}
"} 
[2026-02-25 14:11:06] local.ERROR: SQLSTATE[HY000] [2002] No connection could be made because the target machine actively refused it (SQL: select * from information_schema.tables where table_schema = lsms and table_name = migrations) {"exception":"[object] (Illuminate\\Database\\QueryException(code: 2002): SQLSTATE[HY000] [2002] No connection could be made because the target machine actively refused it (SQL: select * from information_schema.tables where table_schema = lsms and table_name = migrations) at C:\\xampp\\htdocs\\Shop\\vendor\\laravel\\framework\\src\\Illuminate\\Database\\Connection.php:664, Doctrine\\DBAL\\Driver\\PDOException(code: 2002): SQLSTATE[HY000] [2002] No connection could be made because the target machine actively refused it at C:\\xampp\\htdocs\\Shop\\vendor\\doctrine\\dbal\\lib\\Doctrine\\DBAL\\Driver\\PDOConnection.php:50, PDOException(code: 2002): SQLSTATE[HY000] [2002] No connection could be made because the target machine actively refused it at C:\\xampp\\htdocs\\Shop\\vendor\\doctrine\\dbal\\lib\\Doctrine\\DBAL\\Driver\\PDOConnection.php:46)
[stacktrace]
#0 C:\\xampp\\htdocs\\Shop\\vendor\\laravel\\framework\\src\\Illuminate\\Database\\Connection.php(624): Illuminate\\Database\\Connection->runQueryCallback('select * from i...', Array, Object(Closure))
#1 C:\\xampp\\htdocs\\Shop\\vendor\\laravel\\framework\\src\\Illuminate\\Database\\Connection.php(317): Illuminate\\Database\\Connection->run('select * from i...', Array, Object(Closure))
#2 C:\\xampp\\htdocs\\Shop\\vendor\\laravel\\framework\\src\\Illuminate\\Database\\Schema\\MySqlBuilder.php(17): Illuminate\\Database\\Connection->select('select * from i...', Array)
#3 C:\\xampp\\htdocs\\Shop\\vendor\\laravel\\framework\\src\\Illuminate\\Database\\Migrations\\DatabaseMigrationRepository.php(169): Illuminate\\Database\\Schema\\MySqlBuilder->hasTable('migrations')
#4 C:\\xampp\\htdocs\\Shop\\vendor\\laravel\\framework\\src\\Illuminate\\Database\\Migrations\\Migrator.php(555): Illuminate\\Database\\Migrations\\DatabaseMigrationRepository->repositoryExists()
#5 C:\\xampp\\htdocs\\Shop\\vendor\\laravel\\framework\\src\\Illuminate\\Database\\Console\\Migrations\\MigrateCommand.php(97): Illuminate\\Database\\Migrations\\Migrator->repositoryExists()
#6 C:\\xampp\\htdocs\\Shop\\vendor\\laravel\\framework\\src\\Illuminate\\Database\\Console\\Migrations\\MigrateCommand.php(63): Illuminate\\Database\\Console\\Migrations\\MigrateCommand->prepareDatabase()
#7 [internal function]: Illuminate\\Database\\Console\\Migrations\\MigrateCommand->handle()
#8 C:\\xampp\\htdocs\\Shop\\vendor\\laravel\\framework\\src\\Illuminate\\Container\\BoundMethod.php(28): call_user_func_array(Array, Array)
#9 C:\\xampp\\htdocs\\Shop\\vendor\\laravel\\framework\\src\\Illuminate\\Container\\BoundMethod.php(87): Illuminate\\Container\\BoundMethod::Illuminate\\Container\\{closure}()
#10 C:\\xampp\\htdocs\\Shop\\vendor\\laravel\\framework\\src\\Illuminate\\Container\\BoundMethod.php(27): Illuminate\\Container\\BoundMethod::callBoundMethod(Object(Illuminate\\Foundation\\Application), Array, Object(Closure))
#11 C:\\xampp\\htdocs\\Shop\\vendor\\laravel\\framework\\src\\Illuminate\\Container\\Container.php(564): Illuminate\\Container\\BoundMethod::call(Object(Illuminate\\Foundation\\Application), Array, Array, NULL)
#12 C:\\xampp\\htdocs\\Shop\\vendor\\laravel\\framework\\src\\Illuminate\\Console\\Command.php(184): Illuminate\\Container\\Container->call(Array)
#13 C:\\xampp\\htdocs\\Shop\\vendor\\symfony\\console\\Command\\Command.php(251): Illuminate\\Console\\Command->execute(Object(Symfony\\Component\\Console\\Input\\ArgvInput), Object(Illuminate\\Console\\OutputStyle))
#14 C:\\xampp\\htdocs\\Shop\\vendor\\laravel\\framework\\src\\Illuminate\\Console\\Command.php(170): Symfony\\Component\\Console\\Command\\Command->run(Object(Symfony\\Component\\Console\\Input\\ArgvInput), Object(Illuminate\\Console\\OutputStyle))
#15 C:\\xampp\\htdocs\\Shop\\vendor\\symfony\\console\\Application.php(886): Illuminate\\Console\\Command->run(Object(Symfony\\Component\\Console\\Input\\ArgvInput), Object(Symfony\\Component\\Console\\Output\\ConsoleOutput))
#16 C:\\xampp\\htdocs\\Shop\\vendor\\symfony\\console\\Application.php(262): Symfony\\Component\\Console\\Application->doRunCommand(Object(Illuminate\\Database\\Console\\Migrations\\MigrateCommand), Object(Symfony\\Component\\Console\\Input\\ArgvInput), Object(Symfony\\Component\\Console\\Output\\ConsoleOutput))
#17 C:\\xampp\\htdocs\\Shop\\vendor\\symfony\\console\\Application.php(145): Symfony\\Component\\Console\\Application->doRun(Object(Symfony\\Component\\Console\\Input\\ArgvInput), Object(Symfony\\Component\\Console\\Output\\ConsoleOutput))
#18 C:\\xampp\\htdocs\\Shop\\vendor\\laravel\\framework\\src\\Illuminate\\Console\\Application.php(89): Symfony\\Component\\Console\\Application->run(Object(Symfony\\Component\\Console\\Input\\ArgvInput), Object(Symfony\\Component\\Console\\Output\\ConsoleOutput))
#19 C:\\xampp\\htdocs\\Shop\\vendor\\laravel\\framework\\src\\Illuminate\\Foundation\\Console\\Kernel.php(122): Illuminate\\Console\\Application->run(Object(Symfony\\Component\\Console\\Input\\ArgvInput), Object(Symfony\\Component\\Console\\Output\\ConsoleOutput))
#20 C:\\xampp\\htdocs\\Shop\\artisan(35): Illuminate\\Foundation\\Console\\Kernel->handle(Object(Symfony\\Component\\Console\\Input\\ArgvInput), Object(Symfony\\Component\\Console\\Output\\ConsoleOutput))
#21 {main}
"} 
[2026-02-25 14:11:29] local.ERROR: SQLSTATE[HY000] [2002] No connection could be made because the target machine actively refused it (SQL: select * from information_schema.tables where table_schema = lsms and table_name = migrations) {"exception":"[object] (Illuminate\\Database\\QueryException(code: 2002): SQLSTATE[HY000] [2002] No connection could be made because the target machine actively refused it (SQL: select * from information_schema.tables where table_schema = lsms and table_name = migrations) at C:\\xampp\\htdocs\\Shop\\vendor\\laravel\\framework\\src\\Illuminate\\Database\\Connection.php:664, Doctrine\\DBAL\\Driver\\PDOException(code: 2002): SQLSTATE[HY000] [2002] No connection could be made because the target machine actively refused it at C:\\xampp\\htdocs\\Shop\\vendor\\doctrine\\dbal\\lib\\Doctrine\\DBAL\\Driver\\PDOConnection.php:50, PDOException(code: 2002): SQLSTATE[HY000] [2002] No connection could be made because the target machine actively refused it at C:\\xampp\\htdocs\\Shop\\vendor\\doctrine\\dbal\\lib\\Doctrine\\DBAL\\Driver\\PDOConnection.php:46)
[stacktrace]
#0 C:\\xampp\\htdocs\\Shop\\vendor\\laravel\\framework\\src\\Illuminate\\Database\\Connection.php(624): Illuminate\\Database\\Connection->runQueryCallback('select * from i...', Array, Object(Closure))
#1 C:\\xampp\\htdocs\\Shop\\vendor\\laravel\\framework\\src\\Illuminate\\Database\\Connection.php(317): Illuminate\\Database\\Connection->run('select * from i...', Array, Object(Closure))
#2 C:\\xampp\\htdocs\\Shop\\vendor\\laravel\\framework\\src\\Illuminate\\Database\\Schema\\MySqlBuilder.php(17): Illuminate\\Database\\Connection->select('select * from i...', Array)
#3 C:\\xampp\\htdocs\\Shop\\vendor\\laravel\\framework\\src\\Illuminate\\Database\\Migrations\\DatabaseMigrationRepository.php(169): Illuminate\\Database\\Schema\\MySqlBuilder->hasTable('migrations')
#4 C:\\xampp\\htdocs\\Shop\\vendor\\laravel\\framework\\src\\Illuminate\\Database\\Migrations\\Migrator.php(555): Illuminate\\Database\\Migrations\\DatabaseMigrationRepository->repositoryExists()
#5 C:\\xampp\\htdocs\\Shop\\vendor\\laravel\\framework\\src\\Illuminate\\Database\\Console\\Migrations\\MigrateCommand.php(97): Illuminate\\Database\\Migrations\\Migrator->repositoryExists()
#6 C:\\xampp\\htdocs\\Shop\\vendor\\laravel\\framework\\src\\Illuminate\\Database\\Console\\Migrations\\MigrateCommand.php(63): Illuminate\\Database\\Console\\Migrations\\MigrateCommand->prepareDatabase()
#7 [internal function]: Illuminate\\Database\\Console\\Migrations\\MigrateCommand->handle()
#8 C:\\xampp\\htdocs\\Shop\\vendor\\laravel\\framework\\src\\Illuminate\\Container\\BoundMethod.php(28): call_user_func_array(Array, Array)
#9 C:\\xampp\\htdocs\\Shop\\vendor\\laravel\\framework\\src\\Illuminate\\Container\\BoundMethod.php(87): Illuminate\\Container\\BoundMethod::Illuminate\\Container\\{closure}()
#10 C:\\xampp\\htdocs\\Shop\\vendor\\laravel\\framework\\src\\Illuminate\\Container\\BoundMethod.php(27): Illuminate\\Container\\BoundMethod::callBoundMethod(Object(Illuminate\\Foundation\\Application), Array, Object(Closure))
#11 C:\\xampp\\htdocs\\Shop\\vendor\\laravel\\framework\\src\\Illuminate\\Container\\Container.php(564): Illuminate\\Container\\BoundMethod::call(Object(Illuminate\\Foundation\\Application), Array, Array, NULL)
#12 C:\\xampp\\htdocs\\Shop\\vendor\\laravel\\framework\\src\\Illuminate\\Console\\Command.php(184): Illuminate\\Container\\Container->call(Array)
#13 C:\\xampp\\htdocs\\Shop\\vendor\\symfony\\console\\Command\\Command.php(251): Illuminate\\Console\\Command->execute(Object(Symfony\\Component\\Console\\Input\\ArgvInput), Object(Illuminate\\Console\\OutputStyle))
#14 C:\\xampp\\htdocs\\Shop\\vendor\\laravel\\framework\\src\\Illuminate\\Console\\Command.php(170): Symfony\\Component\\Console\\Command\\Command->run(Object(Symfony\\Component\\Console\\Input\\ArgvInput), Object(Illuminate\\Console\\OutputStyle))
#15 C:\\xampp\\htdocs\\Shop\\vendor\\symfony\\console\\Application.php(886): Illuminate\\Console\\Command->run(Object(Symfony\\Component\\Console\\Input\\ArgvInput), Object(Symfony\\Component\\Console\\Output\\ConsoleOutput))
#16 C:\\xampp\\htdocs\\Shop\\vendor\\symfony\\console\\Application.php(262): Symfony\\Component\\Console\\Application->doRunCommand(Object(Illuminate\\Database\\Console\\Migrations\\MigrateCommand), Object(Symfony\\Component\\Console\\Input\\ArgvInput), Object(Symfony\\Component\\Console\\Output\\ConsoleOutput))
#17 C:\\xampp\\htdocs\\Shop\\vendor\\symfony\\console\\Application.php(145): Symfony\\Component\\Console\\Application->doRun(Object(Symfony\\Component\\Console\\Input\\ArgvInput), Object(Symfony\\Component\\Console\\Output\\ConsoleOutput))
#18 C:\\xampp\\htdocs\\Shop\\vendor\\laravel\\framework\\src\\Illuminate\\Console\\Application.php(89): Symfony\\Component\\Console\\Application->run(Object(Symfony\\Component\\Console\\Input\\ArgvInput), Object(Symfony\\Component\\Console\\Output\\ConsoleOutput))
#19 C:\\xampp\\htdocs\\Shop\\vendor\\laravel\\framework\\src\\Illuminate\\Foundation\\Console\\Kernel.php(122): Illuminate\\Console\\Application->run(Object(Symfony\\Component\\Console\\Input\\ArgvInput), Object(Symfony\\Component\\Console\\Output\\ConsoleOutput))
#20 C:\\xampp\\htdocs\\Shop\\artisan(35): Illuminate\\Foundation\\Console\\Kernel->handle(Object(Symfony\\Component\\Console\\Input\\ArgvInput), Object(Symfony\\Component\\Console\\Output\\ConsoleOutput))
#21 {main}
"} 
[2026-02-25 14:13:17] local.ERROR: SQLSTATE[HY000] [2002] No connection could be made because the target machine actively refused it (SQL: select * from information_schema.tables where table_schema = lsms and table_name = migrations) {"exception":"[object] (Illuminate\\Database\\QueryException(code: 2002): SQLSTATE[HY000] [2002] No connection could be made because the target machine actively refused it (SQL: select * from information_schema.tables where table_schema = lsms and table_name = migrations) at C:\\xampp\\htdocs\\Shop\\vendor\\laravel\\framework\\src\\Illuminate\\Database\\Connection.php:664, Doctrine\\DBAL\\Driver\\PDOException(code: 2002): SQLSTATE[HY000] [2002] No connection could be made because the target machine actively refused it at C:\\xampp\\htdocs\\Shop\\vendor\\doctrine\\dbal\\lib\\Doctrine\\DBAL\\Driver\\PDOConnection.php:50, PDOException(code: 2002): SQLSTATE[HY000] [2002] No connection could be made because the target machine actively refused it at C:\\xampp\\htdocs\\Shop\\vendor\\doctrine\\dbal\\lib\\Doctrine\\DBAL\\Driver\\PDOConnection.php:46)
[stacktrace]
#0 C:\\xampp\\htdocs\\Shop\\vendor\\laravel\\framework\\src\\Illuminate\\Database\\Connection.php(624): Illuminate\\Database\\Connection->runQueryCallback('select * from i...', Array, Object(Closure))
#1 C:\\xampp\\htdocs\\Shop\\vendor\\laravel\\framework\\src\\Illuminate\\Database\\Connection.php(317): Illuminate\\Database\\Connection->run('select * from i...', Array, Object(Closure))
#2 C:\\xampp\\htdocs\\Shop\\vendor\\laravel\\framework\\src\\Illuminate\\Database\\Schema\\MySqlBuilder.php(17): Illuminate\\Database\\Connection->select('select * from i...', Array)
#3 C:\\xampp\\htdocs\\Shop\\vendor\\laravel\\framework\\src\\Illuminate\\Database\\Migrations\\DatabaseMigrationRepository.php(169): Illuminate\\Database\\Schema\\MySqlBuilder->hasTable('migrations')
#4 C:\\xampp\\htdocs\\Shop\\vendor\\laravel\\framework\\src\\Illuminate\\Database\\Migrations\\Migrator.php(555): Illuminate\\Database\\Migrations\\DatabaseMigrationRepository->repositoryExists()
#5 C:\\xampp\\htdocs\\Shop\\vendor\\laravel\\framework\\src\\Illuminate\\Database\\Console\\Migrations\\MigrateCommand.php(97): Illuminate\\Database\\Migrations\\Migrator->repositoryExists()
#6 C:\\xampp\\htdocs\\Shop\\vendor\\laravel\\framework\\src\\Illuminate\\Database\\Console\\Migrations\\MigrateCommand.php(63): Illuminate\\Database\\Console\\Migrations\\MigrateCommand->prepareDatabase()
#7 [internal function]: Illuminate\\Database\\Console\\Migrations\\MigrateCommand->handle()
#8 C:\\xampp\\htdocs\\Shop\\vendor\\laravel\\framework\\src\\Illuminate\\Container\\BoundMethod.php(28): call_user_func_array(Array, Array)
#9 C:\\xampp\\htdocs\\Shop\\vendor\\laravel\\framework\\src\\Illuminate\\Container\\BoundMethod.php(87): Illuminate\\Container\\BoundMethod::Illuminate\\Container\\{closure}()
#10 C:\\xampp\\htdocs\\Shop\\vendor\\laravel\\framework\\src\\Illuminate\\Container\\BoundMethod.php(27): Illuminate\\Container\\BoundMethod::callBoundMethod(Object(Illuminate\\Foundation\\Application), Array, Object(Closure))
#11 C:\\xampp\\htdocs\\Shop\\vendor\\laravel\\framework\\src\\Illuminate\\Container\\Container.php(564): Illuminate\\Container\\BoundMethod::call(Object(Illuminate\\Foundation\\Application), Array, Array, NULL)
#12 C:\\xampp\\htdocs\\Shop\\vendor\\laravel\\framework\\src\\Illuminate\\Console\\Command.php(184): Illuminate\\Container\\Container->call(Array)
#13 C:\\xampp\\htdocs\\Shop\\vendor\\symfony\\console\\Command\\Command.php(251): Illuminate\\Console\\Command->execute(Object(Symfony\\Component\\Console\\Input\\ArgvInput), Object(Illuminate\\Console\\OutputStyle))
#14 C:\\xampp\\htdocs\\Shop\\vendor\\laravel\\framework\\src\\Illuminate\\Console\\Command.php(170): Symfony\\Component\\Console\\Command\\Command->run(Object(Symfony\\Component\\Console\\Input\\ArgvInput), Object(Illuminate\\Console\\OutputStyle))
#15 C:\\xampp\\htdocs\\Shop\\vendor\\symfony\\console\\Application.php(886): Illuminate\\Console\\Command->run(Object(Symfony\\Component\\Console\\Input\\ArgvInput), Object(Symfony\\Component\\Console\\Output\\ConsoleOutput))
#16 C:\\xampp\\htdocs\\Shop\\vendor\\symfony\\console\\Application.php(262): Symfony\\Component\\Console\\Application->doRunCommand(Object(Illuminate\\Database\\Console\\Migrations\\MigrateCommand), Object(Symfony\\Component\\Console\\Input\\ArgvInput), Object(Symfony\\Component\\Console\\Output\\ConsoleOutput))
#17 C:\\xampp\\htdocs\\Shop\\vendor\\symfony\\console\\Application.php(145): Symfony\\Component\\Console\\Application->doRun(Object(Symfony\\Component\\Console\\Input\\ArgvInput), Object(Symfony\\Component\\Console\\Output\\ConsoleOutput))
#18 C:\\xampp\\htdocs\\Shop\\vendor\\laravel\\framework\\src\\Illuminate\\Console\\Application.php(89): Symfony\\Component\\Console\\Application->run(Object(Symfony\\Component\\Console\\Input\\ArgvInput), Object(Symfony\\Component\\Console\\Output\\ConsoleOutput))
#19 C:\\xampp\\htdocs\\Shop\\vendor\\laravel\\framework\\src\\Illuminate\\Foundation\\Console\\Kernel.php(122): Illuminate\\Console\\Application->run(Object(Symfony\\Component\\Console\\Input\\ArgvInput), Object(Symfony\\Component\\Console\\Output\\ConsoleOutput))
#20 C:\\xampp\\htdocs\\Shop\\artisan(35): Illuminate\\Foundation\\Console\\Kernel->handle(Object(Symfony\\Component\\Console\\Input\\ArgvInput), Object(Symfony\\Component\\Console\\Output\\ConsoleOutput))
#21 {main}
"} 
[2026-04-07 09:47:21] local.ERROR: PDOStatement::setFetchMode() expects exactly 1 arguments for the fetch mode provided, 3 given {"exception":"[object] (Symfony\\Component\\Debug\\Exception\\FatalThrowableError(code: 0): PDOStatement::setFetchMode() expects exactly 1 arguments for the fetch mode provided, 3 given at C:\\xampp\\htdocs\\Shop\\vendor\\doctrine\\dbal\\lib\\Doctrine\\DBAL\\Driver\\PDOStatement.php:81)
[stacktrace]
#0 C:\\xampp\\htdocs\\Shop\\vendor\\doctrine\\dbal\\lib\\Doctrine\\DBAL\\Driver\\PDOStatement.php(81): PDOStatement->setFetchMode(5, NULL, NULL)
#1 C:\\xampp\\htdocs\\Shop\\vendor\\laravel\\framework\\src\\Illuminate\\Database\\Connection.php(382): Doctrine\\DBAL\\Driver\\PDOStatement->setFetchMode(5)
#2 C:\\xampp\\htdocs\\Shop\\vendor\\laravel\\framework\\src\\Illuminate\\Database\\Connection.php(325): Illuminate\\Database\\Connection->prepared(Object(Doctrine\\DBAL\\Driver\\PDOStatement))
#3 C:\\xampp\\htdocs\\Shop\\vendor\\laravel\\framework\\src\\Illuminate\\Database\\Connection.php(657): Illuminate\\Database\\Connection->Illuminate\\Database\\{closure}('select * from i...', Array)
#4 C:\\xampp\\htdocs\\Shop\\vendor\\laravel\\framework\\src\\Illuminate\\Database\\Connection.php(624): Illuminate\\Database\\Connection->runQueryCallback('select * from i...', Array, Object(Closure))
#5 C:\\xampp\\htdocs\\Shop\\vendor\\laravel\\framework\\src\\Illuminate\\Database\\Connection.php(317): Illuminate\\Database\\Connection->run('select * from i...', Array, Object(Closure))
#6 C:\\xampp\\htdocs\\Shop\\vendor\\laravel\\framework\\src\\Illuminate\\Database\\Schema\\MySqlBuilder.php(17): Illuminate\\Database\\Connection->select('select * from i...', Array)
#7 C:\\xampp\\htdocs\\Shop\\vendor\\laravel\\framework\\src\\Illuminate\\Database\\Migrations\\DatabaseMigrationRepository.php(169): Illuminate\\Database\\Schema\\MySqlBuilder->hasTable('migrations')
#8 C:\\xampp\\htdocs\\Shop\\vendor\\laravel\\framework\\src\\Illuminate\\Database\\Migrations\\Migrator.php(555): Illuminate\\Database\\Migrations\\DatabaseMigrationRepository->repositoryExists()
#9 C:\\xampp\\htdocs\\Shop\\vendor\\laravel\\framework\\src\\Illuminate\\Database\\Console\\Migrations\\MigrateCommand.php(97): Illuminate\\Database\\Migrations\\Migrator->repositoryExists()
#10 C:\\xampp\\htdocs\\Shop\\vendor\\laravel\\framework\\src\\Illuminate\\Database\\Console\\Migrations\\MigrateCommand.php(63): Illuminate\\Database\\Console\\Migrations\\MigrateCommand->prepareDatabase()
#11 [internal function]: Illuminate\\Database\\Console\\Migrations\\MigrateCommand->handle()
#12 C:\\xampp\\htdocs\\Shop\\vendor\\laravel\\framework\\src\\Illuminate\\Container\\BoundMethod.php(28): call_user_func_array(Array, Array)
#13 C:\\xampp\\htdocs\\Shop\\vendor\\laravel\\framework\\src\\Illuminate\\Container\\BoundMethod.php(87): Illuminate\\Container\\BoundMethod::Illuminate\\Container\\{closure}()
#14 C:\\xampp\\htdocs\\Shop\\vendor\\laravel\\framework\\src\\Illuminate\\Container\\BoundMethod.php(27): Illuminate\\Container\\BoundMethod::callBoundMethod(Object(Illuminate\\Foundation\\Application), Array, Object(Closure))
#15 C:\\xampp\\htdocs\\Shop\\vendor\\laravel\\framework\\src\\Illuminate\\Container\\Container.php(564): Illuminate\\Container\\BoundMethod::call(Object(Illuminate\\Foundation\\Application), Array, Array, NULL)
#16 C:\\xampp\\htdocs\\Shop\\vendor\\laravel\\framework\\src\\Illuminate\\Console\\Command.php(184): Illuminate\\Container\\Container->call(Array)
#17 C:\\xampp\\htdocs\\Shop\\vendor\\symfony\\console\\Command\\Command.php(251): Illuminate\\Console\\Command->execute(Object(Symfony\\Component\\Console\\Input\\ArgvInput), Object(Illuminate\\Console\\OutputStyle))
#18 C:\\xampp\\htdocs\\Shop\\vendor\\laravel\\framework\\src\\Illuminate\\Console\\Command.php(170): Symfony\\Component\\Console\\Command\\Command->run(Object(Symfony\\Component\\Console\\Input\\ArgvInput), Object(Illuminate\\Console\\OutputStyle))
#19 C:\\xampp\\htdocs\\Shop\\vendor\\symfony\\console\\Application.php(886): Illuminate\\Console\\Command->run(Object(Symfony\\Component\\Console\\Input\\ArgvInput), Object(Symfony\\Component\\Console\\Output\\ConsoleOutput))
#20 C:\\xampp\\htdocs\\Shop\\vendor\\symfony\\console\\Application.php(262): Symfony\\Component\\Console\\Application->doRunCommand(Object(Illuminate\\Database\\Console\\Migrations\\MigrateCommand), Object(Symfony\\Component\\Console\\Input\\ArgvInput), Object(Symfony\\Component\\Console\\Output\\ConsoleOutput))
#21 C:\\xampp\\htdocs\\Shop\\vendor\\symfony\\console\\Application.php(145): Symfony\\Component\\Console\\Application->doRun(Object(Symfony\\Component\\Console\\Input\\ArgvInput), Object(Symfony\\Component\\Console\\Output\\ConsoleOutput))
#22 C:\\xampp\\htdocs\\Shop\\vendor\\laravel\\framework\\src\\Illuminate\\Console\\Application.php(89): Symfony\\Component\\Console\\Application->run(Object(Symfony\\Component\\Console\\Input\\ArgvInput), Object(Symfony\\Component\\Console\\Output\\ConsoleOutput))
#23 C:\\xampp\\htdocs\\Shop\\vendor\\laravel\\framework\\src\\Illuminate\\Foundation\\Console\\Kernel.php(122): Illuminate\\Console\\Application->run(Object(Symfony\\Component\\Console\\Input\\ArgvInput), Object(Symfony\\Component\\Console\\Output\\ConsoleOutput))
#24 C:\\xampp\\htdocs\\Shop\\artisan(35): Illuminate\\Foundation\\Console\\Kernel->handle(Object(Symfony\\Component\\Console\\Input\\ArgvInput), Object(Symfony\\Component\\Console\\Output\\ConsoleOutput))
#25 {main}
"} 
[2026-04-07 09:47:28] local.ERROR: PDOStatement::setFetchMode() expects exactly 1 arguments for the fetch mode provided, 3 given {"exception":"[object] (Symfony\\Component\\Debug\\Exception\\FatalThrowableError(code: 0): PDOStatement::setFetchMode() expects exactly 1 arguments for the fetch mode provided, 3 given at C:\\xampp\\htdocs\\Shop\\vendor\\doctrine\\dbal\\lib\\Doctrine\\DBAL\\Driver\\PDOStatement.php:81)
[stacktrace]
#0 C:\\xampp\\htdocs\\Shop\\vendor\\doctrine\\dbal\\lib\\Doctrine\\DBAL\\Driver\\PDOStatement.php(81): PDOStatement->setFetchMode(5, NULL, NULL)
#1 C:\\xampp\\htdocs\\Shop\\vendor\\laravel\\framework\\src\\Illuminate\\Database\\Connection.php(382): Doctrine\\DBAL\\Driver\\PDOStatement->setFetchMode(5)
#2 C:\\xampp\\htdocs\\Shop\\vendor\\laravel\\framework\\src\\Illuminate\\Database\\Connection.php(325): Illuminate\\Database\\Connection->prepared(Object(Doctrine\\DBAL\\Driver\\PDOStatement))
#3 C:\\xampp\\htdocs\\Shop\\vendor\\laravel\\framework\\src\\Illuminate\\Database\\Connection.php(657): Illuminate\\Database\\Connection->Illuminate\\Database\\{closure}('select * from i...', Array)
#4 C:\\xampp\\htdocs\\Shop\\vendor\\laravel\\framework\\src\\Illuminate\\Database\\Connection.php(624): Illuminate\\Database\\Connection->runQueryCallback('select * from i...', Array, Object(Closure))
#5 C:\\xampp\\htdocs\\Shop\\vendor\\laravel\\framework\\src\\Illuminate\\Database\\Connection.php(317): Illuminate\\Database\\Connection->run('select * from i...', Array, Object(Closure))
#6 C:\\xampp\\htdocs\\Shop\\vendor\\laravel\\framework\\src\\Illuminate\\Database\\Schema\\MySqlBuilder.php(17): Illuminate\\Database\\Connection->select('select * from i...', Array)
#7 C:\\xampp\\htdocs\\Shop\\vendor\\laravel\\framework\\src\\Illuminate\\Database\\Migrations\\DatabaseMigrationRepository.php(169): Illuminate\\Database\\Schema\\MySqlBuilder->hasTable('migrations')
#8 C:\\xampp\\htdocs\\Shop\\vendor\\laravel\\framework\\src\\Illuminate\\Database\\Migrations\\Migrator.php(555): Illuminate\\Database\\Migrations\\DatabaseMigrationRepository->repositoryExists()
#9 C:\\xampp\\htdocs\\Shop\\vendor\\laravel\\framework\\src\\Illuminate\\Database\\Console\\Migrations\\MigrateCommand.php(97): Illuminate\\Database\\Migrations\\Migrator->repositoryExists()
#10 C:\\xampp\\htdocs\\Shop\\vendor\\laravel\\framework\\src\\Illuminate\\Database\\Console\\Migrations\\MigrateCommand.php(63): Illuminate\\Database\\Console\\Migrations\\MigrateCommand->prepareDatabase()
#11 [internal function]: Illuminate\\Database\\Console\\Migrations\\MigrateCommand->handle()
#12 C:\\xampp\\htdocs\\Shop\\vendor\\laravel\\framework\\src\\Illuminate\\Container\\BoundMethod.php(28): call_user_func_array(Array, Array)
#13 C:\\xampp\\htdocs\\Shop\\vendor\\laravel\\framework\\src\\Illuminate\\Container\\BoundMethod.php(87): Illuminate\\Container\\BoundMethod::Illuminate\\Container\\{closure}()
#14 C:\\xampp\\htdocs\\Shop\\vendor\\laravel\\framework\\src\\Illuminate\\Container\\BoundMethod.php(27): Illuminate\\Container\\BoundMethod::callBoundMethod(Object(Illuminate\\Foundation\\Application), Array, Object(Closure))
#15 C:\\xampp\\htdocs\\Shop\\vendor\\laravel\\framework\\src\\Illuminate\\Container\\Container.php(564): Illuminate\\Container\\BoundMethod::call(Object(Illuminate\\Foundation\\Application), Array, Array, NULL)
#16 C:\\xampp\\htdocs\\Shop\\vendor\\laravel\\framework\\src\\Illuminate\\Console\\Command.php(184): Illuminate\\Container\\Container->call(Array)
#17 C:\\xampp\\htdocs\\Shop\\vendor\\symfony\\console\\Command\\Command.php(251): Illuminate\\Console\\Command->execute(Object(Symfony\\Component\\Console\\Input\\ArgvInput), Object(Illuminate\\Console\\OutputStyle))
#18 C:\\xampp\\htdocs\\Shop\\vendor\\laravel\\framework\\src\\Illuminate\\Console\\Command.php(170): Symfony\\Component\\Console\\Command\\Command->run(Object(Symfony\\Component\\Console\\Input\\ArgvInput), Object(Illuminate\\Console\\OutputStyle))
#19 C:\\xampp\\htdocs\\Shop\\vendor\\symfony\\console\\Application.php(886): Illuminate\\Console\\Command->run(Object(Symfony\\Component\\Console\\Input\\ArgvInput), Object(Symfony\\Component\\Console\\Output\\ConsoleOutput))
#20 C:\\xampp\\htdocs\\Shop\\vendor\\symfony\\console\\Application.php(262): Symfony\\Component\\Console\\Application->doRunCommand(Object(Illuminate\\Database\\Console\\Migrations\\MigrateCommand), Object(Symfony\\Component\\Console\\Input\\ArgvInput), Object(Symfony\\Component\\Console\\Output\\ConsoleOutput))
#21 C:\\xampp\\htdocs\\Shop\\vendor\\symfony\\console\\Application.php(145): Symfony\\Component\\Console\\Application->doRun(Object(Symfony\\Component\\Console\\Input\\ArgvInput), Object(Symfony\\Component\\Console\\Output\\ConsoleOutput))
#22 C:\\xampp\\htdocs\\Shop\\vendor\\laravel\\framework\\src\\Illuminate\\Console\\Application.php(89): Symfony\\Component\\Console\\Application->run(Object(Symfony\\Component\\Console\\Input\\ArgvInput), Object(Symfony\\Component\\Console\\Output\\ConsoleOutput))
#23 C:\\xampp\\htdocs\\Shop\\vendor\\laravel\\framework\\src\\Illuminate\\Foundation\\Console\\Kernel.php(122): Illuminate\\Console\\Application->run(Object(Symfony\\Component\\Console\\Input\\ArgvInput), Object(Symfony\\Component\\Console\\Output\\ConsoleOutput))
#24 C:\\xampp\\htdocs\\Shop\\artisan(35): Illuminate\\Foundation\\Console\\Kernel->handle(Object(Symfony\\Component\\Console\\Input\\ArgvInput), Object(Symfony\\Component\\Console\\Output\\ConsoleOutput))
#25 {main}
"} 
[2026-04-07 09:47:59] local.ERROR: PDOStatement::setFetchMode() expects exactly 1 arguments for the fetch mode provided, 3 given {"exception":"[object] (Symfony\\Component\\Debug\\Exception\\FatalThrowableError(code: 0): PDOStatement::setFetchMode() expects exactly 1 arguments for the fetch mode provided, 3 given at C:\\xampp\\htdocs\\Shop\\vendor\\doctrine\\dbal\\lib\\Doctrine\\DBAL\\Driver\\PDOStatement.php:81)
[stacktrace]
#0 C:\\xampp\\htdocs\\Shop\\vendor\\doctrine\\dbal\\lib\\Doctrine\\DBAL\\Driver\\PDOStatement.php(81): PDOStatement->setFetchMode(5, NULL, NULL)
#1 C:\\xampp\\htdocs\\Shop\\vendor\\laravel\\framework\\src\\Illuminate\\Database\\Connection.php(382): Doctrine\\DBAL\\Driver\\PDOStatement->setFetchMode(5)
#2 C:\\xampp\\htdocs\\Shop\\vendor\\laravel\\framework\\src\\Illuminate\\Database\\Connection.php(325): Illuminate\\Database\\Connection->prepared(Object(Doctrine\\DBAL\\Driver\\PDOStatement))
#3 C:\\xampp\\htdocs\\Shop\\vendor\\laravel\\framework\\src\\Illuminate\\Database\\Connection.php(657): Illuminate\\Database\\Connection->Illuminate\\Database\\{closure}('select * from i...', Array)
#4 C:\\xampp\\htdocs\\Shop\\vendor\\laravel\\framework\\src\\Illuminate\\Database\\Connection.php(624): Illuminate\\Database\\Connection->runQueryCallback('select * from i...', Array, Object(Closure))
#5 C:\\xampp\\htdocs\\Shop\\vendor\\laravel\\framework\\src\\Illuminate\\Database\\Connection.php(317): Illuminate\\Database\\Connection->run('select * from i...', Array, Object(Closure))
#6 C:\\xampp\\htdocs\\Shop\\vendor\\laravel\\framework\\src\\Illuminate\\Database\\Schema\\MySqlBuilder.php(17): Illuminate\\Database\\Connection->select('select * from i...', Array)
#7 C:\\xampp\\htdocs\\Shop\\vendor\\laravel\\framework\\src\\Illuminate\\Database\\Migrations\\DatabaseMigrationRepository.php(169): Illuminate\\Database\\Schema\\MySqlBuilder->hasTable('migrations')
#8 C:\\xampp\\htdocs\\Shop\\vendor\\laravel\\framework\\src\\Illuminate\\Database\\Migrations\\Migrator.php(555): Illuminate\\Database\\Migrations\\DatabaseMigrationRepository->repositoryExists()
#9 C:\\xampp\\htdocs\\Shop\\vendor\\laravel\\framework\\src\\Illuminate\\Database\\Console\\Migrations\\MigrateCommand.php(97): Illuminate\\Database\\Migrations\\Migrator->repositoryExists()
#10 C:\\xampp\\htdocs\\Shop\\vendor\\laravel\\framework\\src\\Illuminate\\Database\\Console\\Migrations\\MigrateCommand.php(63): Illuminate\\Database\\Console\\Migrations\\MigrateCommand->prepareDatabase()
#11 [internal function]: Illuminate\\Database\\Console\\Migrations\\MigrateCommand->handle()
#12 C:\\xampp\\htdocs\\Shop\\vendor\\laravel\\framework\\src\\Illuminate\\Container\\BoundMethod.php(28): call_user_func_array(Array, Array)
#13 C:\\xampp\\htdocs\\Shop\\vendor\\laravel\\framework\\src\\Illuminate\\Container\\BoundMethod.php(87): Illuminate\\Container\\BoundMethod::Illuminate\\Container\\{closure}()
#14 C:\\xampp\\htdocs\\Shop\\vendor\\laravel\\framework\\src\\Illuminate\\Container\\BoundMethod.php(27): Illuminate\\Container\\BoundMethod::callBoundMethod(Object(Illuminate\\Foundation\\Application), Array, Object(Closure))
#15 C:\\xampp\\htdocs\\Shop\\vendor\\laravel\\framework\\src\\Illuminate\\Container\\Container.php(564): Illuminate\\Container\\BoundMethod::call(Object(Illuminate\\Foundation\\Application), Array, Array, NULL)
#16 C:\\xampp\\htdocs\\Shop\\vendor\\laravel\\framework\\src\\Illuminate\\Console\\Command.php(184): Illuminate\\Container\\Container->call(Array)
#17 C:\\xampp\\htdocs\\Shop\\vendor\\symfony\\console\\Command\\Command.php(251): Illuminate\\Console\\Command->execute(Object(Symfony\\Component\\Console\\Input\\ArgvInput), Object(Illuminate\\Console\\OutputStyle))
#18 C:\\xampp\\htdocs\\Shop\\vendor\\laravel\\framework\\src\\Illuminate\\Console\\Command.php(170): Symfony\\Component\\Console\\Command\\Command->run(Object(Symfony\\Component\\Console\\Input\\ArgvInput), Object(Illuminate\\Console\\OutputStyle))
#19 C:\\xampp\\htdocs\\Shop\\vendor\\symfony\\console\\Application.php(886): Illuminate\\Console\\Command->run(Object(Symfony\\Component\\Console\\Input\\ArgvInput), Object(Symfony\\Component\\Console\\Output\\ConsoleOutput))
#20 C:\\xampp\\htdocs\\Shop\\vendor\\symfony\\console\\Application.php(262): Symfony\\Component\\Console\\Application->doRunCommand(Object(Illuminate\\Database\\Console\\Migrations\\MigrateCommand), Object(Symfony\\Component\\Console\\Input\\ArgvInput), Object(Symfony\\Component\\Console\\Output\\ConsoleOutput))
#21 C:\\xampp\\htdocs\\Shop\\vendor\\symfony\\console\\Application.php(145): Symfony\\Component\\Console\\Application->doRun(Object(Symfony\\Component\\Console\\Input\\ArgvInput), Object(Symfony\\Component\\Console\\Output\\ConsoleOutput))
#22 C:\\xampp\\htdocs\\Shop\\vendor\\laravel\\framework\\src\\Illuminate\\Console\\Application.php(89): Symfony\\Component\\Console\\Application->run(Object(Symfony\\Component\\Console\\Input\\ArgvInput), Object(Symfony\\Component\\Console\\Output\\ConsoleOutput))
#23 C:\\xampp\\htdocs\\Shop\\vendor\\laravel\\framework\\src\\Illuminate\\Foundation\\Console\\Kernel.php(122): Illuminate\\Console\\Application->run(Object(Symfony\\Component\\Console\\Input\\ArgvInput), Object(Symfony\\Component\\Console\\Output\\ConsoleOutput))
#24 C:\\xampp\\htdocs\\Shop\\artisan(35): Illuminate\\Foundation\\Console\\Kernel->handle(Object(Symfony\\Component\\Console\\Input\\ArgvInput), Object(Symfony\\Component\\Console\\Output\\ConsoleOutput))
#25 {main}
"} 
[2026-04-07 09:48:25] local.ERROR: PDOStatement::setFetchMode() expects exactly 1 arguments for the fetch mode provided, 3 given {"exception":"[object] (Symfony\\Component\\Debug\\Exception\\FatalThrowableError(code: 0): PDOStatement::setFetchMode() expects exactly 1 arguments for the fetch mode provided, 3 given at C:\\xampp\\htdocs\\Shop\\vendor\\doctrine\\dbal\\lib\\Doctrine\\DBAL\\Driver\\PDOStatement.php:81)
[stacktrace]
#0 C:\\xampp\\htdocs\\Shop\\vendor\\doctrine\\dbal\\lib\\Doctrine\\DBAL\\Driver\\PDOStatement.php(81): PDOStatement->setFetchMode(5, NULL, NULL)
#1 C:\\xampp\\htdocs\\Shop\\vendor\\laravel\\framework\\src\\Illuminate\\Database\\Connection.php(382): Doctrine\\DBAL\\Driver\\PDOStatement->setFetchMode(5)
#2 C:\\xampp\\htdocs\\Shop\\vendor\\laravel\\framework\\src\\Illuminate\\Database\\Connection.php(325): Illuminate\\Database\\Connection->prepared(Object(Doctrine\\DBAL\\Driver\\PDOStatement))
#3 C:\\xampp\\htdocs\\Shop\\vendor\\laravel\\framework\\src\\Illuminate\\Database\\Connection.php(657): Illuminate\\Database\\Connection->Illuminate\\Database\\{closure}('select * from i...', Array)
#4 C:\\xampp\\htdocs\\Shop\\vendor\\laravel\\framework\\src\\Illuminate\\Database\\Connection.php(624): Illuminate\\Database\\Connection->runQueryCallback('select * from i...', Array, Object(Closure))
#5 C:\\xampp\\htdocs\\Shop\\vendor\\laravel\\framework\\src\\Illuminate\\Database\\Connection.php(317): Illuminate\\Database\\Connection->run('select * from i...', Array, Object(Closure))
#6 C:\\xampp\\htdocs\\Shop\\vendor\\laravel\\framework\\src\\Illuminate\\Database\\Schema\\MySqlBuilder.php(17): Illuminate\\Database\\Connection->select('select * from i...', Array)
#7 C:\\xampp\\htdocs\\Shop\\vendor\\laravel\\framework\\src\\Illuminate\\Database\\Migrations\\DatabaseMigrationRepository.php(169): Illuminate\\Database\\Schema\\MySqlBuilder->hasTable('migrations')
#8 C:\\xampp\\htdocs\\Shop\\vendor\\laravel\\framework\\src\\Illuminate\\Database\\Migrations\\Migrator.php(555): Illuminate\\Database\\Migrations\\DatabaseMigrationRepository->repositoryExists()
#9 C:\\xampp\\htdocs\\Shop\\vendor\\laravel\\framework\\src\\Illuminate\\Database\\Console\\Migrations\\MigrateCommand.php(97): Illuminate\\Database\\Migrations\\Migrator->repositoryExists()
#10 C:\\xampp\\htdocs\\Shop\\vendor\\laravel\\framework\\src\\Illuminate\\Database\\Console\\Migrations\\MigrateCommand.php(63): Illuminate\\Database\\Console\\Migrations\\MigrateCommand->prepareDatabase()
#11 [internal function]: Illuminate\\Database\\Console\\Migrations\\MigrateCommand->handle()
#12 C:\\xampp\\htdocs\\Shop\\vendor\\laravel\\framework\\src\\Illuminate\\Container\\BoundMethod.php(28): call_user_func_array(Array, Array)
#13 C:\\xampp\\htdocs\\Shop\\vendor\\laravel\\framework\\src\\Illuminate\\Container\\BoundMethod.php(87): Illuminate\\Container\\BoundMethod::Illuminate\\Container\\{closure}()
#14 C:\\xampp\\htdocs\\Shop\\vendor\\laravel\\framework\\src\\Illuminate\\Container\\BoundMethod.php(27): Illuminate\\Container\\BoundMethod::callBoundMethod(Object(Illuminate\\Foundation\\Application), Array, Object(Closure))
#15 C:\\xampp\\htdocs\\Shop\\vendor\\laravel\\framework\\src\\Illuminate\\Container\\Container.php(564): Illuminate\\Container\\BoundMethod::call(Object(Illuminate\\Foundation\\Application), Array, Array, NULL)
#16 C:\\xampp\\htdocs\\Shop\\vendor\\laravel\\framework\\src\\Illuminate\\Console\\Command.php(184): Illuminate\\Container\\Container->call(Array)
#17 C:\\xampp\\htdocs\\Shop\\vendor\\symfony\\console\\Command\\Command.php(251): Illuminate\\Console\\Command->execute(Object(Symfony\\Component\\Console\\Input\\ArgvInput), Object(Illuminate\\Console\\OutputStyle))
#18 C:\\xampp\\htdocs\\Shop\\vendor\\laravel\\framework\\src\\Illuminate\\Console\\Command.php(170): Symfony\\Component\\Console\\Command\\Command->run(Object(Symfony\\Component\\Console\\Input\\ArgvInput), Object(Illuminate\\Console\\OutputStyle))
#19 C:\\xampp\\htdocs\\Shop\\vendor\\symfony\\console\\Application.php(886): Illuminate\\Console\\Command->run(Object(Symfony\\Component\\Console\\Input\\ArgvInput), Object(Symfony\\Component\\Console\\Output\\ConsoleOutput))
#20 C:\\xampp\\htdocs\\Shop\\vendor\\symfony\\console\\Application.php(262): Symfony\\Component\\Console\\Application->doRunCommand(Object(Illuminate\\Database\\Console\\Migrations\\MigrateCommand), Object(Symfony\\Component\\Console\\Input\\ArgvInput), Object(Symfony\\Component\\Console\\Output\\ConsoleOutput))
#21 C:\\xampp\\htdocs\\Shop\\vendor\\symfony\\console\\Application.php(145): Symfony\\Component\\Console\\Application->doRun(Object(Symfony\\Component\\Console\\Input\\ArgvInput), Object(Symfony\\Component\\Console\\Output\\ConsoleOutput))
#22 C:\\xampp\\htdocs\\Shop\\vendor\\laravel\\framework\\src\\Illuminate\\Console\\Application.php(89): Symfony\\Component\\Console\\Application->run(Object(Symfony\\Component\\Console\\Input\\ArgvInput), Object(Symfony\\Component\\Console\\Output\\ConsoleOutput))
#23 C:\\xampp\\htdocs\\Shop\\vendor\\laravel\\framework\\src\\Illuminate\\Foundation\\Console\\Kernel.php(122): Illuminate\\Console\\Application->run(Object(Symfony\\Component\\Console\\Input\\ArgvInput), Object(Symfony\\Component\\Console\\Output\\ConsoleOutput))
#24 C:\\xampp\\htdocs\\Shop\\artisan(35): Illuminate\\Foundation\\Console\\Kernel->handle(Object(Symfony\\Component\\Console\\Input\\ArgvInput), Object(Symfony\\Component\\Console\\Output\\ConsoleOutput))
#25 {main}
"} 
[2026-04-07 09:48:40] local.ERROR: PDOStatement::setFetchMode() expects exactly 1 arguments for the fetch mode provided, 3 given {"exception":"[object] (Symfony\\Component\\Debug\\Exception\\FatalThrowableError(code: 0): PDOStatement::setFetchMode() expects exactly 1 arguments for the fetch mode provided, 3 given at C:\\xampp\\htdocs\\Shop\\vendor\\doctrine\\dbal\\lib\\Doctrine\\DBAL\\Driver\\PDOStatement.php:81)
[stacktrace]
#0 C:\\xampp\\htdocs\\Shop\\vendor\\doctrine\\dbal\\lib\\Doctrine\\DBAL\\Driver\\PDOStatement.php(81): PDOStatement->setFetchMode(5, NULL, NULL)
#1 C:\\xampp\\htdocs\\Shop\\vendor\\laravel\\framework\\src\\Illuminate\\Database\\Connection.php(382): Doctrine\\DBAL\\Driver\\PDOStatement->setFetchMode(5)
#2 C:\\xampp\\htdocs\\Shop\\vendor\\laravel\\framework\\src\\Illuminate\\Database\\Connection.php(325): Illuminate\\Database\\Connection->prepared(Object(Doctrine\\DBAL\\Driver\\PDOStatement))
#3 C:\\xampp\\htdocs\\Shop\\vendor\\laravel\\framework\\src\\Illuminate\\Database\\Connection.php(657): Illuminate\\Database\\Connection->Illuminate\\Database\\{closure}('select * from i...', Array)
#4 C:\\xampp\\htdocs\\Shop\\vendor\\laravel\\framework\\src\\Illuminate\\Database\\Connection.php(624): Illuminate\\Database\\Connection->runQueryCallback('select * from i...', Array, Object(Closure))
#5 C:\\xampp\\htdocs\\Shop\\vendor\\laravel\\framework\\src\\Illuminate\\Database\\Connection.php(317): Illuminate\\Database\\Connection->run('select * from i...', Array, Object(Closure))
#6 C:\\xampp\\htdocs\\Shop\\vendor\\laravel\\framework\\src\\Illuminate\\Database\\Schema\\MySqlBuilder.php(17): Illuminate\\Database\\Connection->select('select * from i...', Array)
#7 C:\\xampp\\htdocs\\Shop\\vendor\\laravel\\framework\\src\\Illuminate\\Database\\Migrations\\DatabaseMigrationRepository.php(169): Illuminate\\Database\\Schema\\MySqlBuilder->hasTable('migrations')
#8 C:\\xampp\\htdocs\\Shop\\vendor\\laravel\\framework\\src\\Illuminate\\Database\\Migrations\\Migrator.php(555): Illuminate\\Database\\Migrations\\DatabaseMigrationRepository->repositoryExists()
#9 C:\\xampp\\htdocs\\Shop\\vendor\\laravel\\framework\\src\\Illuminate\\Database\\Console\\Migrations\\MigrateCommand.php(97): Illuminate\\Database\\Migrations\\Migrator->repositoryExists()
#10 C:\\xampp\\htdocs\\Shop\\vendor\\laravel\\framework\\src\\Illuminate\\Database\\Console\\Migrations\\MigrateCommand.php(63): Illuminate\\Database\\Console\\Migrations\\MigrateCommand->prepareDatabase()
#11 [internal function]: Illuminate\\Database\\Console\\Migrations\\MigrateCommand->handle()
#12 C:\\xampp\\htdocs\\Shop\\vendor\\laravel\\framework\\src\\Illuminate\\Container\\BoundMethod.php(28): call_user_func_array(Array, Array)
#13 C:\\xampp\\htdocs\\Shop\\vendor\\laravel\\framework\\src\\Illuminate\\Container\\BoundMethod.php(87): Illuminate\\Container\\BoundMethod::Illuminate\\Container\\{closure}()
#14 C:\\xampp\\htdocs\\Shop\\vendor\\laravel\\framework\\src\\Illuminate\\Container\\BoundMethod.php(27): Illuminate\\Container\\BoundMethod::callBoundMethod(Object(Illuminate\\Foundation\\Application), Array, Object(Closure))
#15 C:\\xampp\\htdocs\\Shop\\vendor\\laravel\\framework\\src\\Illuminate\\Container\\Container.php(564): Illuminate\\Container\\BoundMethod::call(Object(Illuminate\\Foundation\\Application), Array, Array, NULL)
#16 C:\\xampp\\htdocs\\Shop\\vendor\\laravel\\framework\\src\\Illuminate\\Console\\Command.php(184): Illuminate\\Container\\Container->call(Array)
#17 C:\\xampp\\htdocs\\Shop\\vendor\\symfony\\console\\Command\\Command.php(251): Illuminate\\Console\\Command->execute(Object(Symfony\\Component\\Console\\Input\\ArgvInput), Object(Illuminate\\Console\\OutputStyle))
#18 C:\\xampp\\htdocs\\Shop\\vendor\\laravel\\framework\\src\\Illuminate\\Console\\Command.php(170): Symfony\\Component\\Console\\Command\\Command->run(Object(Symfony\\Component\\Console\\Input\\ArgvInput), Object(Illuminate\\Console\\OutputStyle))
#19 C:\\xampp\\htdocs\\Shop\\vendor\\symfony\\console\\Application.php(886): Illuminate\\Console\\Command->run(Object(Symfony\\Component\\Console\\Input\\ArgvInput), Object(Symfony\\Component\\Console\\Output\\ConsoleOutput))
#20 C:\\xampp\\htdocs\\Shop\\vendor\\symfony\\console\\Application.php(262): Symfony\\Component\\Console\\Application->doRunCommand(Object(Illuminate\\Database\\Console\\Migrations\\MigrateCommand), Object(Symfony\\Component\\Console\\Input\\ArgvInput), Object(Symfony\\Component\\Console\\Output\\ConsoleOutput))
#21 C:\\xampp\\htdocs\\Shop\\vendor\\symfony\\console\\Application.php(145): Symfony\\Component\\Console\\Application->doRun(Object(Symfony\\Component\\Console\\Input\\ArgvInput), Object(Symfony\\Component\\Console\\Output\\ConsoleOutput))
#22 C:\\xampp\\htdocs\\Shop\\vendor\\laravel\\framework\\src\\Illuminate\\Console\\Application.php(89): Symfony\\Component\\Console\\Application->run(Object(Symfony\\Component\\Console\\Input\\ArgvInput), Object(Symfony\\Component\\Console\\Output\\ConsoleOutput))
#23 C:\\xampp\\htdocs\\Shop\\vendor\\laravel\\framework\\src\\Illuminate\\Foundation\\Console\\Kernel.php(122): Illuminate\\Console\\Application->run(Object(Symfony\\Component\\Console\\Input\\ArgvInput), Object(Symfony\\Component\\Console\\Output\\ConsoleOutput))
#24 C:\\xampp\\htdocs\\Shop\\artisan(35): Illuminate\\Foundation\\Console\\Kernel->handle(Object(Symfony\\Component\\Console\\Input\\ArgvInput), Object(Symfony\\Component\\Console\\Output\\ConsoleOutput))
#25 {main}
"} 
[2026-04-07 09:48:58] local.ERROR: PDOStatement::setFetchMode() expects exactly 1 arguments for the fetch mode provided, 3 given {"exception":"[object] (Symfony\\Component\\Debug\\Exception\\FatalThrowableError(code: 0): PDOStatement::setFetchMode() expects exactly 1 arguments for the fetch mode provided, 3 given at C:\\xampp\\htdocs\\Shop\\vendor\\doctrine\\dbal\\lib\\Doctrine\\DBAL\\Driver\\PDOStatement.php:81)
[stacktrace]
#0 C:\\xampp\\htdocs\\Shop\\vendor\\doctrine\\dbal\\lib\\Doctrine\\DBAL\\Driver\\PDOStatement.php(81): PDOStatement->setFetchMode(5, NULL, NULL)
#1 C:\\xampp\\htdocs\\Shop\\vendor\\laravel\\framework\\src\\Illuminate\\Database\\Connection.php(382): Doctrine\\DBAL\\Driver\\PDOStatement->setFetchMode(5)
#2 C:\\xampp\\htdocs\\Shop\\vendor\\laravel\\framework\\src\\Illuminate\\Database\\Connection.php(325): Illuminate\\Database\\Connection->prepared(Object(Doctrine\\DBAL\\Driver\\PDOStatement))
#3 C:\\xampp\\htdocs\\Shop\\vendor\\laravel\\framework\\src\\Illuminate\\Database\\Connection.php(657): Illuminate\\Database\\Connection->Illuminate\\Database\\{closure}('select * from i...', Array)
#4 C:\\xampp\\htdocs\\Shop\\vendor\\laravel\\framework\\src\\Illuminate\\Database\\Connection.php(624): Illuminate\\Database\\Connection->runQueryCallback('select * from i...', Array, Object(Closure))
#5 C:\\xampp\\htdocs\\Shop\\vendor\\laravel\\framework\\src\\Illuminate\\Database\\Connection.php(317): Illuminate\\Database\\Connection->run('select * from i...', Array, Object(Closure))
#6 C:\\xampp\\htdocs\\Shop\\vendor\\laravel\\framework\\src\\Illuminate\\Database\\Schema\\MySqlBuilder.php(17): Illuminate\\Database\\Connection->select('select * from i...', Array)
#7 C:\\xampp\\htdocs\\Shop\\vendor\\laravel\\framework\\src\\Illuminate\\Database\\Migrations\\DatabaseMigrationRepository.php(169): Illuminate\\Database\\Schema\\MySqlBuilder->hasTable('migrations')
#8 C:\\xampp\\htdocs\\Shop\\vendor\\laravel\\framework\\src\\Illuminate\\Database\\Migrations\\Migrator.php(555): Illuminate\\Database\\Migrations\\DatabaseMigrationRepository->repositoryExists()
#9 C:\\xampp\\htdocs\\Shop\\vendor\\laravel\\framework\\src\\Illuminate\\Database\\Console\\Migrations\\MigrateCommand.php(97): Illuminate\\Database\\Migrations\\Migrator->repositoryExists()
#10 C:\\xampp\\htdocs\\Shop\\vendor\\laravel\\framework\\src\\Illuminate\\Database\\Console\\Migrations\\MigrateCommand.php(63): Illuminate\\Database\\Console\\Migrations\\MigrateCommand->prepareDatabase()
#11 [internal function]: Illuminate\\Database\\Console\\Migrations\\MigrateCommand->handle()
#12 C:\\xampp\\htdocs\\Shop\\vendor\\laravel\\framework\\src\\Illuminate\\Container\\BoundMethod.php(28): call_user_func_array(Array, Array)
#13 C:\\xampp\\htdocs\\Shop\\vendor\\laravel\\framework\\src\\Illuminate\\Container\\BoundMethod.php(87): Illuminate\\Container\\BoundMethod::Illuminate\\Container\\{closure}()
#14 C:\\xampp\\htdocs\\Shop\\vendor\\laravel\\framework\\src\\Illuminate\\Container\\BoundMethod.php(27): Illuminate\\Container\\BoundMethod::callBoundMethod(Object(Illuminate\\Foundation\\Application), Array, Object(Closure))
#15 C:\\xampp\\htdocs\\Shop\\vendor\\laravel\\framework\\src\\Illuminate\\Container\\Container.php(564): Illuminate\\Container\\BoundMethod::call(Object(Illuminate\\Foundation\\Application), Array, Array, NULL)
#16 C:\\xampp\\htdocs\\Shop\\vendor\\laravel\\framework\\src\\Illuminate\\Console\\Command.php(184): Illuminate\\Container\\Container->call(Array)
#17 C:\\xampp\\htdocs\\Shop\\vendor\\symfony\\console\\Command\\Command.php(251): Illuminate\\Console\\Command->execute(Object(Symfony\\Component\\Console\\Input\\ArgvInput), Object(Illuminate\\Console\\OutputStyle))
#18 C:\\xampp\\htdocs\\Shop\\vendor\\laravel\\framework\\src\\Illuminate\\Console\\Command.php(170): Symfony\\Component\\Console\\Command\\Command->run(Object(Symfony\\Component\\Console\\Input\\ArgvInput), Object(Illuminate\\Console\\OutputStyle))
#19 C:\\xampp\\htdocs\\Shop\\vendor\\symfony\\console\\Application.php(886): Illuminate\\Console\\Command->run(Object(Symfony\\Component\\Console\\Input\\ArgvInput), Object(Symfony\\Component\\Console\\Output\\ConsoleOutput))
#20 C:\\xampp\\htdocs\\Shop\\vendor\\symfony\\console\\Application.php(262): Symfony\\Component\\Console\\Application->doRunCommand(Object(Illuminate\\Database\\Console\\Migrations\\MigrateCommand), Object(Symfony\\Component\\Console\\Input\\ArgvInput), Object(Symfony\\Component\\Console\\Output\\ConsoleOutput))
#21 C:\\xampp\\htdocs\\Shop\\vendor\\symfony\\console\\Application.php(145): Symfony\\Component\\Console\\Application->doRun(Object(Symfony\\Component\\Console\\Input\\ArgvInput), Object(Symfony\\Component\\Console\\Output\\ConsoleOutput))
#22 C:\\xampp\\htdocs\\Shop\\vendor\\laravel\\framework\\src\\Illuminate\\Console\\Application.php(89): Symfony\\Component\\Console\\Application->run(Object(Symfony\\Component\\Console\\Input\\ArgvInput), Object(Symfony\\Component\\Console\\Output\\ConsoleOutput))
#23 C:\\xampp\\htdocs\\Shop\\vendor\\laravel\\framework\\src\\Illuminate\\Foundation\\Console\\Kernel.php(122): Illuminate\\Console\\Application->run(Object(Symfony\\Component\\Console\\Input\\ArgvInput), Object(Symfony\\Component\\Console\\Output\\ConsoleOutput))
#24 C:\\xampp\\htdocs\\Shop\\artisan(35): Illuminate\\Foundation\\Console\\Kernel->handle(Object(Symfony\\Component\\Console\\Input\\ArgvInput), Object(Symfony\\Component\\Console\\Output\\ConsoleOutput))
#25 {main}
"} 
